2026-02-02 22:18:49.245 INFO  nsync.master scan_start src="/home/mason/workspace/test/src2" scan_depth=3
2026-02-02 22:18:52.010 INFO  nsync.master scan_complete files=500675
2026-02-02 22:18:52.053 INFO  nsync.master master_started src="/home/mason/workspace/test/src2" dst="/home/mason/workspace/test/dst" num_master_processes=5 queue_threshold=10
2026-02-02 22:18:52.141 INFO  nsync.master queue_backpressure depth=    10 threshold=    10
2026-02-02 22:18:52.352 INFO  nsync.master producers_started count=5
2026-02-02 22:18:52.875 INFO  nsync.master progress total=    16 completed=     1 failed=     0 pending=    15 queue=    10 producers=  0 files=       1 bytes=    10485760
2026-02-02 22:18:57.176 INFO  nsync.master queue_backpressure depth=    10 threshold=    10
2026-02-02 22:18:57.894 INFO  nsync.master progress total=   262 completed=   250 failed=     0 pending=    12 queue=     9 producers=  0 files=   15100 bytes=  1048576000
2026-02-02 22:19:02.195 INFO  nsync.master queue_backpressure depth=    10 threshold=    10
2026-02-02 22:19:02.912 INFO  nsync.master progress total=   511 completed=   497 failed=     0 pending=    14 queue=    10 producers=  0 files=   39800 bytes=  1048576000
2026-02-02 22:19:07.214 INFO  nsync.master queue_backpressure depth=    10 threshold=    10
2026-02-02 22:19:07.929 INFO  nsync.master progress total=   758 completed=   746 failed=     0 pending=    12 queue=     8 producers=  0 files=   64700 bytes=  1048576000
2026-02-02 22:19:12.237 INFO  nsync.master queue_backpressure depth=    10 threshold=    10
2026-02-02 22:19:12.948 INFO  nsync.master progress total=  1007 completed=   995 failed=     0 pending=    12 queue=    10 producers=  0 files=   89600 bytes=  1048576000
2026-02-02 22:19:17.259 INFO  nsync.master queue_backpressure depth=    10 threshold=    10
2026-02-02 22:19:17.963 INFO  nsync.master progress total=  1256 completed=  1243 failed=     0 pending=    13 queue=    10 producers=  0 files=  114400 bytes=  1048576000
2026-02-02 22:19:22.279 INFO  nsync.master queue_backpressure depth=    10 threshold=    10
2026-02-02 22:19:22.982 INFO  nsync.master progress total=  1505 completed=  1492 failed=     0 pending=    13 queue=    10 producers=  0 files=  139300 bytes=  1048576000
2026-02-02 22:19:27.300 INFO  nsync.master queue_backpressure depth=    10 threshold=    10
2026-02-02 22:19:28.003 INFO  nsync.master progress total=  1751 completed=  1739 failed=     0 pending=    12 queue=     7 producers=  0 files=  164000 bytes=  1048576000
2026-02-02 22:19:32.322 INFO  nsync.master queue_backpressure depth=    10 threshold=    10
2026-02-02 22:19:33.025 INFO  nsync.master progress total=  2000 completed=  1988 failed=     0 pending=    12 queue=     7 producers=  0 files=  188900 bytes=  1048576000
2026-02-02 22:19:37.342 INFO  nsync.master queue_backpressure depth=    10 threshold=    10
2026-02-02 22:19:38.045 INFO  nsync.master progress total=  2249 completed=  2237 failed=     0 pending=    12 queue=     7 producers=  0 files=  213800 bytes=  1048576000
2026-02-02 22:19:42.362 INFO  nsync.master queue_backpressure depth=    10 threshold=    10
2026-02-02 22:19:43.063 INFO  nsync.master progress total=  2498 completed=  2486 failed=     0 pending=    12 queue=     7 producers=  0 files=  238700 bytes=  1048576000
2026-02-02 22:19:47.381 INFO  nsync.master queue_backpressure depth=    10 threshold=    10
2026-02-02 22:19:48.080 INFO  nsync.master progress total=  2747 completed=  2735 failed=     0 pending=    12 queue=     8 producers=  0 files=  263600 bytes=  1048576000
2026-02-02 22:19:52.401 INFO  nsync.master queue_backpressure depth=    10 threshold=    10
2026-02-02 22:19:53.098 INFO  nsync.master progress total=  2993 completed=  2981 failed=     0 pending=    12 queue=     7 producers=  0 files=  288200 bytes=  1048576000
2026-02-02 22:19:57.421 INFO  nsync.master queue_backpressure depth=    10 threshold=    10
2026-02-02 22:19:58.116 INFO  nsync.master progress total=  3240 completed=  3228 failed=     0 pending=    12 queue=     7 producers=  0 files=  312900 bytes=  1048576000
2026-02-02 22:20:02.440 INFO  nsync.master queue_backpressure depth=    10 threshold=    10
2026-02-02 22:20:03.133 INFO  nsync.master progress total=  3489 completed=  3477 failed=     0 pending=    12 queue=     7 producers=  0 files=  335820 bytes=  1258291200
2026-02-02 22:20:07.458 INFO  nsync.master queue_backpressure depth=    10 threshold=    10
2026-02-02 22:20:08.150 INFO  nsync.master progress total=  3738 completed=  3726 failed=     0 pending=    12 queue=     7 producers=  0 files=  360720 bytes=  1258291200
2026-02-02 22:20:12.476 INFO  nsync.master queue_backpressure depth=    10 threshold=    10
2026-02-02 22:20:13.170 INFO  nsync.master progress total=  3987 completed=  3975 failed=     0 pending=    12 queue=     7 producers=  0 files=  375318 bytes=  2122022912
2026-02-02 22:20:17.495 INFO  nsync.master queue_backpressure depth=    10 threshold=    10
2026-02-02 22:20:18.188 INFO  nsync.master progress total=  4235 completed=  4223 failed=     0 pending=    12 queue=     7 producers=  0 files=  395592 bytes=  2169008128
2026-02-02 22:20:22.511 INFO  nsync.master queue_backpressure depth=    10 threshold=    10
2026-02-02 22:20:23.207 INFO  nsync.master progress total=  4484 completed=  4472 failed=     0 pending=    12 queue=     7 producers=  0 files=  406867 bytes=  2310298624
2026-02-02 22:20:27.527 INFO  nsync.master queue_backpressure depth=    10 threshold=    10
2026-02-02 22:20:28.225 INFO  nsync.master progress total=  4733 completed=  4721 failed=     0 pending=    12 queue=     7 producers=  0 files=  408653 bytes=  2548879360
2026-02-02 22:20:32.543 INFO  nsync.master queue_backpressure depth=    10 threshold=    10
2026-02-02 22:20:33.244 INFO  nsync.master progress total=  4982 completed=  4970 failed=     0 pending=    12 queue=     9 producers=  0 files=  410446 bytes=  2786977792
2026-02-02 22:20:37.558 INFO  nsync.master queue_backpressure depth=    10 threshold=    10
2026-02-02 22:20:38.260 INFO  nsync.master progress total=  5231 completed=  5219 failed=     0 pending=    12 queue=     9 producers=  0 files=  412272 bytes=  3025061888
2026-02-02 22:20:42.575 INFO  nsync.master queue_backpressure depth=    10 threshold=    10
2026-02-02 22:20:43.277 INFO  nsync.master progress total=  5481 completed=  5468 failed=     0 pending=    13 queue=    10 producers=  0 files=  414066 bytes=  3264004096
2026-02-02 22:20:47.592 INFO  nsync.master queue_backpressure depth=    10 threshold=    10
2026-02-02 22:20:48.295 INFO  nsync.master progress total=  5729 completed=  5717 failed=     0 pending=    12 queue=    10 producers=  0 files=  415879 bytes=  3505234944
2026-02-02 22:20:52.610 INFO  nsync.master queue_backpressure depth=    10 threshold=    10
2026-02-02 22:20:53.313 INFO  nsync.master progress total=  5976 completed=  5964 failed=     0 pending=    12 queue=     8 producers=  0 files=  417683 bytes=  3742190592
2026-02-02 22:20:57.631 INFO  nsync.master queue_backpressure depth=    10 threshold=    10
2026-02-02 22:20:58.334 INFO  nsync.master progress total=  6227 completed=  6213 failed=     0 pending=    14 queue=    10 producers=  0 files=  419525 bytes=  3981623296
2026-02-02 22:21:02.650 INFO  nsync.master queue_backpressure depth=    10 threshold=    10
2026-02-02 22:21:03.353 INFO  nsync.master progress total=  6476 completed=  6462 failed=     0 pending=    14 queue=    10 producers=  0 files=  421390 bytes=  4221743104
2026-02-02 22:21:07.669 INFO  nsync.master queue_backpressure depth=    10 threshold=    10
2026-02-02 22:21:08.372 INFO  nsync.master progress total=  6722 completed=  6711 failed=     0 pending=    11 queue=     7 producers=  0 files=  423277 bytes=  4461378560
2026-02-02 22:21:12.686 INFO  nsync.master queue_backpressure depth=    10 threshold=    10
2026-02-02 22:21:13.389 INFO  nsync.master progress total=  6971 completed=  6960 failed=     0 pending=    11 queue=     7 producers=  0 files=  425124 bytes=  4700657664
2026-02-02 22:21:17.703 INFO  nsync.master queue_backpressure depth=    10 threshold=    10
2026-02-02 22:21:18.406 INFO  nsync.master progress total=  7220 completed=  7208 failed=     0 pending=    12 queue=     7 producers=  0 files=  426991 bytes=  4940740608
2026-02-02 22:21:22.721 INFO  nsync.master queue_backpressure depth=    10 threshold=    10
2026-02-02 22:21:23.423 INFO  nsync.master progress total=  7469 completed=  7457 failed=     0 pending=    12 queue=     7 producers=  0 files=  428858 bytes=  5181028352
2026-02-02 22:21:27.740 INFO  nsync.master queue_backpressure depth=    10 threshold=    10
2026-02-02 22:21:28.442 INFO  nsync.master progress total=  7718 completed=  7706 failed=     0 pending=    12 queue=     7 producers=  0 files=  430714 bytes=  5421964288
2026-02-02 22:21:32.759 INFO  nsync.master queue_backpressure depth=    10 threshold=    10
2026-02-02 22:21:33.462 INFO  nsync.master progress total=  7969 completed=  7955 failed=     0 pending=    14 queue=     9 producers=  0 files=  432506 bytes=  5662117888
2026-02-02 22:21:37.778 INFO  nsync.master queue_backpressure depth=    10 threshold=    10
2026-02-02 22:21:38.480 INFO  nsync.master progress total=  8217 completed=  8204 failed=     0 pending=    13 queue=    10 producers=  0 files=  434341 bytes=  5900806144
2026-02-02 22:21:42.796 INFO  nsync.master queue_backpressure depth=    10 threshold=    10
2026-02-02 22:21:43.500 INFO  nsync.master progress total=  8466 completed=  8453 failed=     0 pending=    13 queue=    10 producers=  0 files=  436180 bytes=  6138988544
2026-02-02 22:21:47.814 INFO  nsync.master queue_backpressure depth=    10 threshold=    10
2026-02-02 22:21:52.824 INFO  nsync.master queue_backpressure depth=    10 threshold=    10
2026-02-02 22:21:57.688 INFO  nsync.master progress total=  8679 completed=  8665 failed=     0 pending=    14 queue=    10 producers=  0 files=  437743 bytes=  6342607872
2026-02-02 22:21:57.834 INFO  nsync.master queue_backpressure depth=    10 threshold=    10
2026-02-02 22:22:02.754 INFO  nsync.master progress total=  8931 completed=  8914 failed=     0 pending=    17 queue=    10 producers=  0 files=  439552 bytes=  6582430720
2026-02-02 22:22:02.852 INFO  nsync.master queue_backpressure depth=    10 threshold=    10
2026-02-02 22:22:07.770 INFO  nsync.master progress total=  9180 completed=  9163 failed=     0 pending=    17 queue=    10 producers=  0 files=  441399 bytes=  6822331392
2026-02-02 22:22:07.868 INFO  nsync.master queue_backpressure depth=    10 threshold=    10
2026-02-02 22:22:12.883 INFO  nsync.master queue_backpressure depth=    10 threshold=    10
2026-02-02 22:22:17.892 INFO  nsync.master queue_backpressure depth=    10 threshold=    10
2026-02-02 22:22:22.903 INFO  nsync.master queue_backpressure depth=    10 threshold=    10
2026-02-02 22:22:27.911 INFO  nsync.master queue_backpressure depth=    10 threshold=    10
2026-02-02 22:22:30.644 INFO  nsync.master signal signum=2
2026-02-02 22:23:00.626 INFO  nsync.master scan_start src="/home/mason/workspace/test/src2" scan_depth=3
2026-02-02 22:23:03.396 INFO  nsync.master scan_complete files=500675
2026-02-02 22:23:03.439 INFO  nsync.master master_started src="/home/mason/workspace/test/src2" dst="/home/mason/workspace/test/dst" num_master_processes=3 queue_threshold=10
2026-02-02 22:23:03.612 INFO  nsync.master queue_backpressure depth=    10 threshold=    10
2026-02-02 22:23:03.631 INFO  nsync.master producers_started count=3
2026-02-02 22:23:04.292 INFO  nsync.master progress total=    18 completed=     1 failed=     0 pending=    17 queue=    10 producers=  0 files=      10 bytes=   104857600
2026-02-02 22:23:08.656 INFO  nsync.master queue_backpressure depth=    10 threshold=    10
2026-02-02 22:23:09.510 INFO  nsync.master progress total=    85 completed=    69 failed=     0 pending=    16 queue=    10 producers=  0 files=  294975 bytes=  4652734464
2026-02-02 22:23:13.681 INFO  nsync.master queue_backpressure depth=    10 threshold=    10
2026-02-02 22:23:14.584 INFO  nsync.master progress total=   158 completed=   144 failed=     0 pending=    14 queue=     9 producers=  0 files=  426400 bytes= 11703597056
2026-02-02 22:23:18.702 INFO  nsync.master queue_backpressure depth=    10 threshold=    10
2026-02-02 22:23:19.650 INFO  nsync.master progress total=   230 completed=   216 failed=     0 pending=    14 queue=     7 producers=  0 files=  532849 bytes= 18755150848
2026-02-02 22:23:23.719 INFO  nsync.master queue_backpressure depth=    10 threshold=    10
2026-02-02 22:23:24.718 INFO  nsync.master progress total=   298 completed=   284 failed=     0 pending=    14 queue=    10 producers=  0 files=  594128 bytes= 25879619584
2026-02-02 22:23:28.738 INFO  nsync.master queue_backpressure depth=    10 threshold=    10
2026-02-02 22:23:29.736 INFO  nsync.master progress total=   363 completed=   349 failed=     0 pending=    14 queue=     9 producers=  0 files=  646530 bytes= 32689948672
2026-02-02 22:23:33.758 INFO  nsync.master queue_backpressure depth=    10 threshold=    10
2026-02-02 22:23:34.804 INFO  nsync.master progress total=   425 completed=   411 failed=     0 pending=    14 queue=    10 producers=  0 files=  696311 bytes= 39185810432
2026-02-02 22:23:38.776 INFO  nsync.master queue_backpressure depth=    10 threshold=    10
2026-02-02 22:23:39.821 INFO  nsync.master progress total=   486 completed=   472 failed=     0 pending=    14 queue=     8 producers=  0 files=  751756 bytes= 45576260608
2026-02-02 22:23:43.797 INFO  nsync.master queue_backpressure depth=    10 threshold=    10
2026-02-02 22:23:44.837 INFO  nsync.master progress total=   547 completed=   533 failed=     0 pending=    14 queue=     6 producers=  0 files=  807406 bytes= 51967434752
2026-02-02 22:23:45.453 INFO  nsync.master producer_done count=1
2026-02-02 22:23:46.609 INFO  nsync.master producer_done count=2
2026-02-02 22:23:48.267 INFO  nsync.master producer_done count=3
2026-02-02 22:24:46.078 INFO  nsync.master signal signum=2
2026-02-02 22:35:36.822 INFO  nsync.master scan_start src="/home/mason/workspace/test/src2" scan_depth=3
2026-02-02 22:35:39.593 INFO  nsync.master scan_complete files=500675
2026-02-02 22:35:39.640 INFO  nsync.master master_started src="/home/mason/workspace/test/src2" dst="/home/mason/workspace/test/dst" num_master_processes=3 queue_threshold=10
2026-02-02 22:35:39.809 INFO  nsync.master queue_backpressure depth=    10 threshold=    10
2026-02-02 22:35:39.925 INFO  nsync.master producers_started count=3
2026-02-02 22:35:39.968 INFO  nsync.master progress total=    15 completed=     1 failed=     0 pending=    14 queue=     9 producers=  0 files=      10 bytes=   104857600
2026-02-02 22:35:44.854 INFO  nsync.master queue_backpressure depth=    10 threshold=    10
2026-02-02 22:35:44.989 INFO  nsync.master progress total=    75 completed=    61 failed=     0 pending=    14 queue=     9 producers=  0 files=  288559 bytes=  3814429696
2026-02-02 22:35:49.875 INFO  nsync.master queue_backpressure depth=    10 threshold=    10
2026-02-02 22:35:50.007 INFO  nsync.master progress total=   144 completed=   130 failed=     0 pending=    14 queue=     9 producers=  0 files=  378341 bytes= 10655889408
2026-02-02 22:35:54.897 INFO  nsync.master queue_backpressure depth=    10 threshold=    10
2026-02-02 22:35:55.278 INFO  nsync.master progress total=   210 completed=   196 failed=     0 pending=    14 queue=     9 producers=  0 files=  516643 bytes= 16659968000
2026-02-02 22:35:59.916 INFO  nsync.master queue_backpressure depth=    10 threshold=    10
2026-02-02 22:36:00.297 INFO  nsync.master progress total=   279 completed=   265 failed=     0 pending=    14 queue=     9 producers=  0 files=  572188 bytes= 23888707584
2026-02-02 22:36:04.936 INFO  nsync.master queue_backpressure depth=    10 threshold=    10
2026-02-02 22:36:05.366 INFO  nsync.master progress total=   345 completed=   330 failed=     0 pending=    15 queue=    10 producers=  0 files=  631140 bytes= 30698969088
2026-02-02 22:36:09.952 INFO  nsync.master queue_backpressure depth=    10 threshold=    10
2026-02-02 22:36:10.434 INFO  nsync.master progress total=   402 completed=   388 failed=     0 pending=    14 queue=     9 producers=  0 files=  677883 bytes= 36775887872
2026-02-02 22:36:14.970 INFO  nsync.master queue_backpressure depth=    10 threshold=    10
2026-02-02 22:36:15.453 INFO  nsync.master progress total=   466 completed=   452 failed=     0 pending=    14 queue=    10 producers=  0 files=  735760 bytes= 43480866816
2026-02-02 22:36:19.990 INFO  nsync.master queue_backpressure depth=    10 threshold=    10
2026-02-02 22:36:20.573 INFO  nsync.master progress total=   533 completed=   519 failed=     0 pending=    14 queue=     9 producers=  0 files=  796184 bytes= 50500738048
2026-02-02 22:36:22.149 INFO  nsync.master producer_done count=1
2026-02-02 22:36:23.305 INFO  nsync.master producer_done count=2
2026-02-02 22:36:24.863 INFO  nsync.master producer_done count=3
2026-02-02 22:36:25.591 INFO  nsync.master progress total=   590 completed=   585 failed=     0 pending=     5 queue=     0 producers=  3 files=  895639 bytes= 56961083392
2026-02-02 22:36:38.134 WARNING nsync.master requeue expired_workers=1 requeued_batches=0
2026-02-02 22:41:11.875 INFO  nsync.master signal signum=2
2026-02-02 22:52:37.512 INFO  nsync.master scan_start src="/home/mason/workspace/test/src2" scan_depth=3
2026-02-02 22:52:40.318 INFO  nsync.master scan_complete files=500675
2026-02-02 22:52:40.363 INFO  nsync.master master_started src="/home/mason/workspace/test/src2" dst="/home/mason/workspace/test/dst" num_master_processes=3 queue_threshold=10
2026-02-02 22:52:40.521 INFO  nsync.master queue_backpressure depth=    10 threshold=    10
2026-02-02 22:52:40.555 INFO  nsync.master producers_started count=3
2026-02-02 22:52:44.308 INFO  nsync.master progress total=    15 completed=     1 failed=     0 pending=    14 queue=    10 producers=  0 files=      10 bytes=   104857600
2026-02-02 22:52:45.570 INFO  nsync.master queue_backpressure depth=    10 threshold=    10
2026-02-02 22:52:49.428 INFO  nsync.master progress total=    80 completed=    66 failed=     0 pending=    14 queue=     8 producers=  0 files=  292599 bytes=  4338250752
2026-02-02 22:52:50.590 INFO  nsync.master queue_backpressure depth=    10 threshold=    10
2026-02-02 22:52:54.448 INFO  nsync.master progress total=   155 completed=   141 failed=     0 pending=    14 queue=     8 producers=  0 files=  414787 bytes= 11494003712
2026-02-02 22:52:55.616 INFO  nsync.master queue_backpressure depth=    10 threshold=    10
2026-02-02 22:52:59.469 INFO  nsync.master progress total=   224 completed=   210 failed=     0 pending=    14 queue=     9 producers=  0 files=  527984 bytes= 18126472192
2026-02-02 22:53:00.635 INFO  nsync.master queue_backpressure depth=    10 threshold=    10
2026-02-02 22:53:04.838 INFO  nsync.master progress total=   288 completed=   274 failed=     0 pending=    14 queue=     9 producers=  0 files=  586088 bytes= 24832011264
2026-02-02 22:53:05.654 INFO  nsync.master queue_backpressure depth=    10 threshold=    10
2026-02-02 22:53:10.550 INFO  nsync.master progress total=   321 completed=   304 failed=     0 pending=    17 queue=     8 producers=  0 files=  610202 bytes= 27974967296
2026-02-02 22:53:10.665 INFO  nsync.master queue_backpressure depth=    10 threshold=    10
2026-02-02 22:53:15.675 INFO  nsync.master queue_backpressure depth=    10 threshold=    10
2026-02-02 22:53:20.685 INFO  nsync.master queue_backpressure depth=    10 threshold=    10
2026-02-02 22:53:24.862 INFO  nsync.master signal signum=2
2026-02-03 22:13:02.074 INFO  nsync.master scan_start src="/home/mason/workspace/test/src2" scan_depth=3
2026-02-03 22:13:05.095 INFO  nsync.master scan_complete files=500675
2026-02-03 22:13:05.141 INFO  nsync.master master_started src="/home/mason/workspace/test/src2" dst="/home/mason/workspace/test/dst" num_master_processes=5 queue_threshold=10
2026-02-03 22:13:05.228 INFO  nsync.master queue_backpressure depth=    10 threshold=    10
2026-02-03 22:13:05.431 INFO  nsync.master producers_started count=5
2026-02-03 22:13:10.233 INFO  nsync.master queue_backpressure depth=    10 threshold=    10
2026-02-03 22:13:15.242 INFO  nsync.master queue_backpressure depth=    10 threshold=    10
2026-02-03 22:13:20.250 INFO  nsync.master queue_backpressure depth=    10 threshold=    10
2026-02-03 22:13:25.259 INFO  nsync.master queue_backpressure depth=    10 threshold=    10
2026-02-03 22:13:30.267 INFO  nsync.master queue_backpressure depth=    10 threshold=    10
2026-02-03 22:13:35.277 INFO  nsync.master queue_backpressure depth=    10 threshold=    10
2026-02-03 22:13:40.286 INFO  nsync.master queue_backpressure depth=    10 threshold=    10
2026-02-03 22:13:42.507 INFO  nsync.master progress total=    13 completed=     1 failed=     0 pending=    12 queue=    10 producers=  0 files=     100 bytes=           0
2026-02-03 22:13:45.299 INFO  nsync.master queue_backpressure depth=    10 threshold=    10
2026-02-03 22:13:47.526 INFO  nsync.master progress total=   248 completed=   234 failed=     0 pending=    14 queue=    10 producers=  0 files=   22950 bytes=  1048576000
2026-02-03 22:13:50.317 INFO  nsync.master queue_backpressure depth=    10 threshold=    10
2026-02-03 22:13:52.543 INFO  nsync.master progress total=   497 completed=   483 failed=     0 pending=    14 queue=    10 producers=  0 files=   47850 bytes=  1048576000
2026-02-03 22:13:55.337 INFO  nsync.master queue_backpressure depth=    10 threshold=    10
2026-02-03 22:13:57.561 INFO  nsync.master progress total=   746 completed=   731 failed=     0 pending=    15 queue=    10 producers=  0 files=   72650 bytes=  1048576000
2026-02-03 22:14:00.355 INFO  nsync.master queue_backpressure depth=    10 threshold=    10
2026-02-03 22:14:02.578 INFO  nsync.master progress total=   993 completed=   980 failed=     0 pending=    13 queue=     8 producers=  0 files=   97550 bytes=  1048576000
2026-02-03 22:14:05.374 INFO  nsync.master queue_backpressure depth=    10 threshold=    10
2026-02-03 22:14:07.595 INFO  nsync.master progress total=  1242 completed=  1229 failed=     0 pending=    13 queue=     8 producers=  0 files=  122450 bytes=  1048576000
2026-02-03 22:14:10.392 INFO  nsync.master queue_backpressure depth=    10 threshold=    10
2026-02-03 22:14:12.612 INFO  nsync.master progress total=  1491 completed=  1478 failed=     0 pending=    13 queue=    10 producers=  0 files=  147350 bytes=  1048576000
2026-02-03 22:14:15.410 INFO  nsync.master queue_backpressure depth=    10 threshold=    10
2026-02-03 22:14:17.629 INFO  nsync.master progress total=  1740 completed=  1727 failed=     0 pending=    13 queue=    10 producers=  0 files=  172250 bytes=  1048576000
2026-02-03 22:14:20.428 INFO  nsync.master queue_backpressure depth=    10 threshold=    10
2026-02-03 22:14:22.646 INFO  nsync.master progress total=  1988 completed=  1976 failed=     0 pending=    12 queue=     9 producers=  0 files=  197150 bytes=  1048576000
2026-02-03 22:14:25.446 INFO  nsync.master queue_backpressure depth=    10 threshold=    10
2026-02-03 22:14:27.662 INFO  nsync.master progress total=  2237 completed=  2223 failed=     0 pending=    14 queue=    10 producers=  0 files=  221850 bytes=  1048576000
2026-02-03 22:14:30.464 INFO  nsync.master queue_backpressure depth=    10 threshold=    10
2026-02-03 22:14:32.679 INFO  nsync.master progress total=  2486 completed=  2472 failed=     0 pending=    14 queue=    10 producers=  0 files=  246750 bytes=  1048576000
2026-02-03 22:14:35.484 INFO  nsync.master queue_backpressure depth=    10 threshold=    10
2026-02-03 22:14:37.693 INFO  nsync.master progress total=  2735 completed=  2721 failed=     0 pending=    14 queue=    10 producers=  0 files=  271650 bytes=  1048576000
2026-02-03 22:14:40.503 INFO  nsync.master queue_backpressure depth=    10 threshold=    10
2026-02-03 22:14:42.712 INFO  nsync.master progress total=  2984 completed=  2969 failed=     0 pending=    15 queue=    10 producers=  0 files=  296450 bytes=  1048576000
2026-02-03 22:14:45.520 INFO  nsync.master queue_backpressure depth=    10 threshold=    10
2026-02-03 22:14:47.731 INFO  nsync.master progress total=  3233 completed=  3218 failed=     0 pending=    15 queue=    10 producers=  0 files=  321350 bytes=  1048576000
2026-02-03 22:14:50.538 INFO  nsync.master queue_backpressure depth=    10 threshold=    10
2026-02-03 22:14:52.751 INFO  nsync.master progress total=  3478 completed=  3464 failed=     0 pending=    14 queue=    10 producers=  0 files=  345870 bytes=  1258291200
2026-02-03 22:14:55.555 INFO  nsync.master queue_backpressure depth=    10 threshold=    10
2026-02-03 22:14:57.771 INFO  nsync.master progress total=  3722 completed=  3709 failed=     0 pending=    13 queue=     9 producers=  0 files=  370370 bytes=  1382099968
2026-02-03 22:15:00.572 INFO  nsync.master queue_backpressure depth=    10 threshold=    10
2026-02-03 22:15:02.787 INFO  nsync.master progress total=  3938 completed=  3926 failed=     0 pending=    12 queue=    10 producers=  0 files=  391750 bytes=  2787737600
2026-02-03 22:15:05.593 INFO  nsync.master queue_backpressure depth=    10 threshold=    10
2026-02-03 22:15:07.803 INFO  nsync.master progress total=  4172 completed=  4159 failed=     0 pending=    13 queue=    10 producers=  0 files=  415050 bytes=  3405143040
2026-02-03 22:15:10.613 INFO  nsync.master queue_backpressure depth=    10 threshold=    10
2026-02-03 22:15:12.821 INFO  nsync.master progress total=  4356 completed=  4344 failed=     0 pending=    12 queue=     9 producers=  0 files=  433550 bytes=  5810856960
2026-02-03 22:15:15.632 INFO  nsync.master queue_backpressure depth=    10 threshold=    10
2026-02-03 22:15:17.839 INFO  nsync.master progress total=  4533 completed=  4521 failed=     0 pending=    12 queue=     8 producers=  0 files=  451250 bytes=  8112615424
2026-02-03 22:15:20.650 INFO  nsync.master queue_backpressure depth=    10 threshold=    10
2026-02-03 22:15:22.858 INFO  nsync.master progress total=  4726 completed=  4713 failed=     0 pending=    13 queue=    10 producers=  0 files=  470450 bytes= 10616143872
2026-02-03 22:15:25.669 INFO  nsync.master queue_backpressure depth=    10 threshold=    10
2026-02-03 22:15:27.878 INFO  nsync.master progress total=  4912 completed=  4899 failed=     0 pending=    13 queue=    10 producers=  0 files=  489050 bytes= 13045745664
2026-02-03 22:15:30.687 INFO  nsync.master queue_backpressure depth=    10 threshold=    10
2026-02-03 22:15:32.896 INFO  nsync.master progress total=  5098 completed=  5085 failed=     0 pending=    13 queue=    10 producers=  0 files=  507650 bytes= 15465990144
2026-02-03 22:15:35.705 INFO  nsync.master queue_backpressure depth=    10 threshold=    10
2026-02-03 22:15:37.913 INFO  nsync.master progress total=  5280 completed=  5266 failed=     0 pending=    14 queue=    10 producers=  0 files=  525750 bytes= 17833648128
2026-02-03 22:15:40.723 INFO  nsync.master queue_backpressure depth=    10 threshold=    10
2026-02-03 22:15:42.931 INFO  nsync.master progress total=  5459 completed=  5446 failed=     0 pending=    13 queue=    10 producers=  0 files=  543750 bytes= 20190703616
2026-02-03 22:15:45.739 INFO  nsync.master queue_backpressure depth=    10 threshold=    10
2026-02-03 22:15:48.098 INFO  nsync.master progress total=  5608 completed=  5596 failed=     0 pending=    12 queue=    10 producers=  0 files=  558750 bytes= 22148685824
2026-02-03 22:15:50.757 INFO  nsync.master queue_backpressure depth=    10 threshold=    10
2026-02-03 22:15:53.164 INFO  nsync.master progress total=  5751 completed=  5736 failed=     0 pending=    15 queue=    10 producers=  0 files=  572750 bytes= 23978841088
2026-02-03 22:15:55.771 INFO  nsync.master queue_backpressure depth=    10 threshold=    10
2026-02-03 22:15:58.229 INFO  nsync.master progress total=  5890 completed=  5875 failed=     0 pending=    15 queue=    10 producers=  0 files=  586650 bytes= 25771144192
2026-02-03 22:16:00.786 INFO  nsync.master queue_backpressure depth=    10 threshold=    10
2026-02-03 22:16:03.292 INFO  nsync.master progress total=  5967 completed=  5954 failed=     0 pending=    13 queue=    10 producers=  0 files=  594550 bytes= 26797882368
2026-02-03 22:16:05.800 INFO  nsync.master queue_backpressure depth=    10 threshold=    10
2026-02-03 22:16:08.309 INFO  nsync.master progress total=  6145 completed=  6133 failed=     0 pending=    12 queue=     9 producers=  0 files=  612450 bytes= 29129732096
2026-02-03 22:16:10.818 INFO  nsync.master queue_backpressure depth=    10 threshold=    10
2026-02-03 22:16:13.326 INFO  nsync.master progress total=  6297 completed=  6285 failed=     0 pending=    12 queue=    10 producers=  0 files=  627650 bytes= 31118116864
2026-02-03 22:16:15.833 INFO  nsync.master queue_backpressure depth=    10 threshold=    10
2026-02-03 22:16:18.340 INFO  nsync.master progress total=  6408 completed=  6395 failed=     0 pending=    13 queue=    10 producers=  0 files=  638650 bytes= 32543776768
2026-02-03 22:16:20.844 INFO  nsync.master queue_backpressure depth=    10 threshold=    10
2026-02-03 22:16:25.852 INFO  nsync.master queue_backpressure depth=    10 threshold=    10
2026-02-03 22:16:30.862 INFO  nsync.master queue_backpressure depth=    10 threshold=    10
2026-02-03 22:16:32.656 WARNING nsync.master requeue expired_workers=1 requeued_batches=3
2026-02-03 22:16:35.872 INFO  nsync.master queue_backpressure depth=    13 threshold=    10
2026-02-03 22:16:40.881 INFO  nsync.master queue_backpressure depth=    13 threshold=    10
2026-02-03 22:16:45.891 INFO  nsync.master queue_backpressure depth=    13 threshold=    10
2026-02-03 22:16:50.900 INFO  nsync.master queue_backpressure depth=    13 threshold=    10
2026-02-03 22:16:55.909 INFO  nsync.master queue_backpressure depth=    13 threshold=    10
2026-02-03 22:17:00.917 INFO  nsync.master queue_backpressure depth=    13 threshold=    10
2026-02-03 22:17:05.925 INFO  nsync.master queue_backpressure depth=    13 threshold=    10
2026-02-03 22:17:10.933 INFO  nsync.master queue_backpressure depth=    13 threshold=    10
2026-02-03 22:17:15.942 INFO  nsync.master queue_backpressure depth=    13 threshold=    10
2026-02-03 22:17:20.951 INFO  nsync.master queue_backpressure depth=    13 threshold=    10
2026-02-03 22:17:25.959 INFO  nsync.master queue_backpressure depth=    13 threshold=    10
2026-02-03 22:17:30.968 INFO  nsync.master queue_backpressure depth=    13 threshold=    10
2026-02-03 22:17:35.976 INFO  nsync.master queue_backpressure depth=    13 threshold=    10
2026-02-03 22:17:40.986 INFO  nsync.master queue_backpressure depth=    13 threshold=    10
2026-02-03 22:17:45.995 INFO  nsync.master queue_backpressure depth=    13 threshold=    10
2026-02-03 22:17:51.003 INFO  nsync.master queue_backpressure depth=    13 threshold=    10
2026-02-03 22:17:56.010 INFO  nsync.master queue_backpressure depth=    13 threshold=    10
2026-02-03 22:18:01.019 INFO  nsync.master queue_backpressure depth=    13 threshold=    10
2026-02-03 22:18:06.028 INFO  nsync.master queue_backpressure depth=    13 threshold=    10
2026-02-03 22:18:11.037 INFO  nsync.master queue_backpressure depth=    13 threshold=    10
2026-02-03 22:18:16.045 INFO  nsync.master queue_backpressure depth=    13 threshold=    10
2026-02-03 22:18:21.053 INFO  nsync.master queue_backpressure depth=    13 threshold=    10
2026-02-03 22:18:26.061 INFO  nsync.master queue_backpressure depth=    13 threshold=    10
2026-02-03 22:18:31.071 INFO  nsync.master queue_backpressure depth=    13 threshold=    10
2026-02-03 22:18:36.079 INFO  nsync.master queue_backpressure depth=    13 threshold=    10
2026-02-03 22:18:41.087 INFO  nsync.master queue_backpressure depth=    13 threshold=    10
2026-02-03 22:18:46.095 INFO  nsync.master queue_backpressure depth=    13 threshold=    10
2026-02-03 22:18:51.103 INFO  nsync.master queue_backpressure depth=    13 threshold=    10
2026-02-03 22:18:56.112 INFO  nsync.master queue_backpressure depth=    13 threshold=    10
2026-02-03 22:19:01.120 INFO  nsync.master queue_backpressure depth=    13 threshold=    10
2026-02-03 22:19:06.131 INFO  nsync.master queue_backpressure depth=    13 threshold=    10
2026-02-03 22:19:11.139 INFO  nsync.master queue_backpressure depth=    13 threshold=    10
2026-02-03 22:19:16.148 INFO  nsync.master queue_backpressure depth=    13 threshold=    10
2026-02-03 22:19:21.157 INFO  nsync.master queue_backpressure depth=    13 threshold=    10
2026-02-03 22:19:26.165 INFO  nsync.master queue_backpressure depth=    13 threshold=    10
2026-02-03 22:19:31.175 INFO  nsync.master queue_backpressure depth=    13 threshold=    10
2026-02-03 22:19:35.289 INFO  nsync.master progress total=  6424 completed=  6409 failed=     0 pending=    15 queue=    10 producers=  0 files=  640050 bytes= 32724355072
2026-02-03 22:19:36.185 INFO  nsync.master queue_backpressure depth=    10 threshold=    10
2026-02-03 22:19:40.356 INFO  nsync.master progress total=  6613 completed=  6598 failed=     0 pending=    15 queue=    10 producers=  0 files=  658950 bytes= 35199606784
2026-02-03 22:19:41.203 INFO  nsync.master queue_backpressure depth=    10 threshold=    10
2026-02-03 22:19:45.372 INFO  nsync.master progress total=  6800 completed=  6785 failed=     0 pending=    15 queue=    10 producers=  0 files=  677650 bytes= 36981439488
2026-02-03 22:19:46.223 INFO  nsync.master queue_backpressure depth=    10 threshold=    10
2026-02-03 22:19:50.388 INFO  nsync.master progress total=  7013 completed=  6998 failed=     0 pending=    15 queue=    10 producers=  0 files=  698950 bytes= 38342875136
2026-02-03 22:19:51.241 INFO  nsync.master queue_backpressure depth=    10 threshold=    10
2026-02-03 22:19:55.404 INFO  nsync.master progress total=  7190 completed=  7177 failed=     0 pending=    13 queue=    10 producers=  0 files=  716850 bytes= 40402759680
2026-02-03 22:19:56.257 INFO  nsync.master queue_backpressure depth=    10 threshold=    10
2026-02-03 22:20:00.422 INFO  nsync.master progress total=  7381 completed=  7368 failed=     0 pending=    13 queue=    10 producers=  0 files=  735950 bytes= 42645806080
2026-02-03 22:20:01.275 INFO  nsync.master queue_backpressure depth=    10 threshold=    10
2026-02-03 22:20:05.440 INFO  nsync.master progress total=  7559 completed=  7546 failed=     0 pending=    13 queue=    10 producers=  0 files=  753750 bytes= 44978900992
2026-02-03 22:20:06.293 INFO  nsync.master queue_backpressure depth=    10 threshold=    10
2026-02-03 22:20:10.509 INFO  nsync.master progress total=  7747 completed=  7732 failed=     0 pending=    15 queue=    10 producers=  0 files=  772350 bytes= 47405404160
2026-02-03 22:20:11.312 INFO  nsync.master queue_backpressure depth=    10 threshold=    10
2026-02-03 22:20:15.527 INFO  nsync.master progress total=  7925 completed=  7912 failed=     0 pending=    13 queue=    10 producers=  0 files=  790350 bytes= 49745308672
2026-02-03 22:20:16.330 INFO  nsync.master queue_backpressure depth=    10 threshold=    10
2026-02-03 22:20:20.544 INFO  nsync.master progress total=  8117 completed=  8103 failed=     0 pending=    14 queue=    10 producers=  0 files=  809450 bytes= 51748935680
2026-02-03 22:20:21.347 INFO  nsync.master queue_backpressure depth=    10 threshold=    10
2026-02-03 22:20:25.563 INFO  nsync.master progress total=  8306 completed=  8293 failed=     0 pending=    13 queue=    10 producers=  0 files=  828450 bytes= 53735880704
2026-02-03 22:20:26.366 INFO  nsync.master queue_backpressure depth=    10 threshold=    10
2026-02-03 22:20:30.581 INFO  nsync.master progress total=  8498 completed=  8486 failed=     0 pending=    12 queue=     8 producers=  0 files=  847750 bytes= 55753466880
2026-02-03 22:20:31.384 INFO  nsync.master queue_backpressure depth=    10 threshold=    10
2026-02-03 22:20:34.295 INFO  nsync.master producer_done count=1
2026-02-03 22:20:35.599 INFO  nsync.master progress total=  8713 completed=  8700 failed=     0 pending=    13 queue=    10 producers=  1 files=  869079 bytes= 56992204800
2026-02-03 22:20:36.402 INFO  nsync.master queue_backpressure depth=    10 threshold=    10
2026-02-03 22:20:40.617 INFO  nsync.master progress total=  8962 completed=  8948 failed=     0 pending=    14 queue=    10 producers=  1 files=  893879 bytes= 56992204800
2026-02-03 22:20:41.420 INFO  nsync.master queue_backpressure depth=    10 threshold=    10
2026-02-03 22:20:42.825 INFO  nsync.master producer_done count=2
2026-02-03 22:20:42.825 INFO  nsync.master producer_done count=3
2026-02-03 22:20:42.826 INFO  nsync.master producer_done count=4
2026-02-03 22:22:08.859 INFO  nsync.master signal signum=2
2026-02-03 22:23:40.047 INFO  nsync.master scan_start src="/home/mason/workspace/test/src2" scan_depth=3
2026-02-03 22:23:43.087 INFO  nsync.master scan_complete files=500675
2026-02-03 22:23:43.144 INFO  nsync.master master_started src="/home/mason/workspace/test/src2" dst="/home/mason/workspace/test/dst" num_master_processes=5 queue_threshold=10
2026-02-03 22:23:43.236 INFO  nsync.master queue_backpressure depth=    10 threshold=    10
2026-02-03 22:23:43.436 INFO  nsync.master producers_started count=5
2026-02-03 22:23:45.693 INFO  nsync.master progress total=    13 completed=     1 failed=     0 pending=    12 queue=     9 producers=  0 files=     100 bytes=           0
2026-02-03 22:23:48.267 INFO  nsync.master queue_backpressure depth=    10 threshold=    10
2026-02-03 22:23:50.710 INFO  nsync.master progress total=   239 completed=   227 failed=     0 pending=    12 queue=     7 producers=  0 files=   22250 bytes=  1048576000
2026-02-03 22:23:53.284 INFO  nsync.master queue_backpressure depth=    10 threshold=    10
2026-02-03 22:23:55.728 INFO  nsync.master progress total=   488 completed=   476 failed=     0 pending=    12 queue=     9 producers=  0 files=   47150 bytes=  1048576000
2026-02-03 22:23:58.302 INFO  nsync.master queue_backpressure depth=    10 threshold=    10
2026-02-03 22:24:00.744 INFO  nsync.master progress total=   737 completed=   725 failed=     0 pending=    12 queue=     9 producers=  0 files=   72050 bytes=  1048576000
2026-02-03 22:24:03.319 INFO  nsync.master queue_backpressure depth=    10 threshold=    10
2026-02-03 22:24:05.762 INFO  nsync.master progress total=   986 completed=   974 failed=     0 pending=    12 queue=     9 producers=  0 files=   96950 bytes=  1048576000
2026-02-03 22:24:08.337 INFO  nsync.master queue_backpressure depth=    10 threshold=    10
2026-02-03 22:24:10.783 INFO  nsync.master progress total=  1235 completed=  1223 failed=     0 pending=    12 queue=     9 producers=  0 files=  121850 bytes=  1048576000
2026-02-03 22:24:13.354 INFO  nsync.master queue_backpressure depth=    10 threshold=    10
2026-02-03 22:24:15.801 INFO  nsync.master progress total=  1484 completed=  1472 failed=     0 pending=    12 queue=     9 producers=  0 files=  146750 bytes=  1048576000
2026-02-03 22:24:18.371 INFO  nsync.master queue_backpressure depth=    10 threshold=    10
2026-02-03 22:24:20.868 INFO  nsync.master progress total=  1733 completed=  1721 failed=     0 pending=    12 queue=     7 producers=  0 files=  171650 bytes=  1048576000
2026-02-03 22:24:23.388 INFO  nsync.master queue_backpressure depth=    10 threshold=    10
2026-02-03 22:24:25.885 INFO  nsync.master progress total=  1985 completed=  1970 failed=     0 pending=    15 queue=    10 producers=  0 files=  196550 bytes=  1048576000
2026-02-03 22:24:28.405 INFO  nsync.master queue_backpressure depth=    10 threshold=    10
2026-02-03 22:24:30.953 INFO  nsync.master progress total=  2234 completed=  2222 failed=     0 pending=    12 queue=     7 producers=  0 files=  221750 bytes=  1048576000
2026-02-03 22:24:33.424 INFO  nsync.master queue_backpressure depth=    10 threshold=    10
2026-02-03 22:24:35.970 INFO  nsync.master progress total=  2483 completed=  2471 failed=     0 pending=    12 queue=     7 producers=  0 files=  246650 bytes=  1048576000
2026-02-03 22:24:38.444 INFO  nsync.master queue_backpressure depth=    10 threshold=    10
2026-02-03 22:24:40.987 INFO  nsync.master progress total=  2732 completed=  2720 failed=     0 pending=    12 queue=     7 producers=  0 files=  271550 bytes=  1048576000
2026-02-03 22:24:43.460 INFO  nsync.master queue_backpressure depth=    10 threshold=    10
2026-02-03 22:24:46.004 INFO  nsync.master progress total=  2981 completed=  2969 failed=     0 pending=    12 queue=     7 producers=  0 files=  296450 bytes=  1048576000
2026-02-03 22:24:48.477 INFO  nsync.master queue_backpressure depth=    10 threshold=    10
2026-02-03 22:24:51.023 INFO  nsync.master progress total=  3230 completed=  3218 failed=     0 pending=    12 queue=     7 producers=  0 files=  321350 bytes=  1048576000
2026-02-03 22:24:53.495 INFO  nsync.master queue_backpressure depth=    10 threshold=    10
2026-02-03 22:24:56.039 INFO  nsync.master progress total=  3476 completed=  3464 failed=     0 pending=    12 queue=     7 producers=  0 files=  345870 bytes=  1258291200
2026-02-03 22:24:58.534 INFO  nsync.master queue_backpressure depth=    10 threshold=    10
2026-02-03 22:25:01.049 INFO  nsync.master progress total=  3721 completed=  3707 failed=     0 pending=    14 queue=    10 producers=  0 files=  370170 bytes=  1382099968
2026-02-03 22:25:03.552 INFO  nsync.master queue_backpressure depth=    10 threshold=    10
2026-02-03 22:25:06.066 INFO  nsync.master progress total=  3940 completed=  3926 failed=     0 pending=    14 queue=    10 producers=  0 files=  391750 bytes=  2800998400
2026-02-03 22:25:08.571 INFO  nsync.master queue_backpressure depth=    10 threshold=    10
2026-02-03 22:25:11.080 INFO  nsync.master progress total=  4173 completed=  4159 failed=     0 pending=    14 queue=    10 producers=  0 files=  415050 bytes=  3405143040
2026-02-03 22:25:13.588 INFO  nsync.master queue_backpressure depth=    10 threshold=    10
2026-02-03 22:25:16.097 INFO  nsync.master progress total=  4356 completed=  4342 failed=     0 pending=    14 queue=    10 producers=  0 files=  433350 bytes=  5783580672
2026-02-03 22:25:18.606 INFO  nsync.master queue_backpressure depth=    10 threshold=    10
2026-02-03 22:25:21.115 INFO  nsync.master progress total=  4534 completed=  4522 failed=     0 pending=    12 queue=    10 producers=  0 files=  451350 bytes=  8124895232
2026-02-03 22:25:23.625 INFO  nsync.master queue_backpressure depth=    10 threshold=    10
2026-02-03 22:25:26.134 INFO  nsync.master progress total=  4712 completed=  4698 failed=     0 pending=    14 queue=    10 producers=  0 files=  468950 bytes= 10417515520
2026-02-03 22:25:28.643 INFO  nsync.master queue_backpressure depth=    10 threshold=    10
2026-02-03 22:25:31.153 INFO  nsync.master progress total=  4892 completed=  4879 failed=     0 pending=    13 queue=    10 producers=  0 files=  487050 bytes= 12785754112
2026-02-03 22:25:33.662 INFO  nsync.master queue_backpressure depth=    10 threshold=    10
2026-02-03 22:25:36.171 INFO  nsync.master progress total=  5072 completed=  5058 failed=     0 pending=    14 queue=    10 producers=  0 files=  504950 bytes= 15117288448
2026-02-03 22:25:38.681 INFO  nsync.master queue_backpressure depth=    10 threshold=    10
2026-02-03 22:25:41.240 INFO  nsync.master progress total=  5249 completed=  5237 failed=     0 pending=    12 queue=     7 producers=  0 files=  522850 bytes= 17457969152
2026-02-03 22:25:43.698 INFO  nsync.master queue_backpressure depth=    10 threshold=    10
2026-02-03 22:25:46.257 INFO  nsync.master progress total=  5429 completed=  5415 failed=     0 pending=    14 queue=    10 producers=  0 files=  540650 bytes= 19785966592
2026-02-03 22:25:48.715 INFO  nsync.master queue_backpressure depth=    10 threshold=    10
2026-02-03 22:25:51.274 INFO  nsync.master progress total=  5615 completed=  5600 failed=     0 pending=    15 queue=    10 producers=  0 files=  559150 bytes= 22202552320
2026-02-03 22:25:53.732 INFO  nsync.master queue_backpressure depth=    10 threshold=    10
2026-02-03 22:25:56.292 INFO  nsync.master progress total=  5794 completed=  5780 failed=     0 pending=    14 queue=    10 producers=  0 files=  577150 bytes= 24542228480
2026-02-03 22:25:58.751 INFO  nsync.master queue_backpressure depth=    10 threshold=    10
2026-02-03 22:26:01.457 INFO  nsync.master progress total=  5912 completed=  5899 failed=     0 pending=    13 queue=    10 producers=  0 files=  589050 bytes= 26082513920
2026-02-03 22:26:03.762 INFO  nsync.master queue_backpressure depth=    10 threshold=    10
2026-02-03 22:26:06.472 INFO  nsync.master progress total=  6054 completed=  6042 failed=     0 pending=    12 queue=    10 producers=  0 files=  603350 bytes= 27941254144
2026-02-03 22:26:08.782 INFO  nsync.master queue_backpressure depth=    10 threshold=    10
2026-02-03 22:26:11.590 INFO  nsync.master progress total=  6216 completed=  6201 failed=     0 pending=    15 queue=    10 producers=  0 files=  619250 bytes= 30015858688
2026-02-03 22:26:13.797 INFO  nsync.master queue_backpressure depth=    10 threshold=    10
2026-02-03 22:26:16.603 INFO  nsync.master progress total=  6312 completed=  6299 failed=     0 pending=    13 queue=    10 producers=  0 files=  629050 bytes= 31295905792
2026-02-03 22:26:18.810 INFO  nsync.master queue_backpressure depth=    10 threshold=    10
2026-02-03 22:26:21.620 INFO  nsync.master progress total=  6482 completed=  6467 failed=     0 pending=    15 queue=    10 producers=  0 files=  645850 bytes= 33487686656
2026-02-03 22:26:23.826 INFO  nsync.master queue_backpressure depth=    10 threshold=    10
2026-02-03 22:26:26.650 INFO  nsync.master progress total=  6619 completed=  6604 failed=     0 pending=    15 queue=    10 producers=  0 files=  659550 bytes= 35280717824
2026-02-03 22:26:28.848 INFO  nsync.master queue_backpressure depth=    10 threshold=    10
2026-02-03 22:26:31.663 INFO  nsync.master progress total=  6761 completed=  6746 failed=     0 pending=    15 queue=    10 producers=  0 files=  673750 bytes= 36875945984
2026-02-03 22:26:33.864 INFO  nsync.master queue_backpressure depth=    10 threshold=    10
2026-02-03 22:26:36.678 INFO  nsync.master progress total=  6969 completed=  6956 failed=     0 pending=    13 queue=    10 producers=  0 files=  694750 bytes= 37801573376
2026-02-03 22:26:38.878 INFO  nsync.master queue_backpressure depth=    10 threshold=    10
2026-02-03 22:26:41.691 INFO  nsync.master progress total=  7113 completed=  7098 failed=     0 pending=    15 queue=    10 producers=  0 files=  708950 bytes= 39572071424
2026-02-03 22:26:43.893 INFO  nsync.master queue_backpressure depth=    10 threshold=    10
2026-02-03 22:26:46.707 INFO  nsync.master progress total=  7274 completed=  7261 failed=     0 pending=    13 queue=    10 producers=  0 files=  725250 bytes= 41274482688
2026-02-03 22:26:48.910 INFO  nsync.master queue_backpressure depth=    10 threshold=    10
2026-02-03 22:26:51.725 INFO  nsync.master progress total=  7432 completed=  7417 failed=     0 pending=    15 queue=    10 producers=  0 files=  740850 bytes= 43287300096
2026-02-03 22:26:53.924 INFO  nsync.master queue_backpressure depth=    10 threshold=    10
2026-02-03 22:26:56.841 INFO  nsync.master progress total=  7574 completed=  7559 failed=     0 pending=    15 queue=    10 producers=  0 files=  755050 bytes= 45150644224
2026-02-03 22:26:58.940 INFO  nsync.master queue_backpressure depth=    10 threshold=    10
2026-02-03 22:27:01.906 INFO  nsync.master progress total=  7720 completed=  7708 failed=     0 pending=    12 queue=    10 producers=  0 files=  769950 bytes= 47092147200
2026-02-03 22:27:03.953 INFO  nsync.master queue_backpressure depth=    10 threshold=    10
2026-02-03 22:27:08.961 INFO  nsync.master queue_backpressure depth=    10 threshold=    10
2026-02-03 22:27:13.970 INFO  nsync.master queue_backpressure depth=    10 threshold=    10
2026-02-03 22:27:15.652 WARNING nsync.master requeue expired_workers=1 requeued_batches=3
2026-02-03 22:27:18.979 INFO  nsync.master queue_backpressure depth=    13 threshold=    10
2026-02-03 22:27:23.987 INFO  nsync.master queue_backpressure depth=    13 threshold=    10
2026-02-03 22:27:28.996 INFO  nsync.master queue_backpressure depth=    13 threshold=    10
2026-02-03 22:27:34.004 INFO  nsync.master queue_backpressure depth=    13 threshold=    10
2026-02-03 22:27:34.629 INFO  nsync.master progress total=  7736 completed=  7723 failed=     0 pending=    13 queue=     8 producers=  0 files=  771450 bytes= 47288058880
2026-02-03 22:27:39.020 INFO  nsync.master queue_backpressure depth=    10 threshold=    10
2026-02-03 22:27:39.646 INFO  nsync.master progress total=  7919 completed=  7907 failed=     0 pending=    12 queue=    10 producers=  0 files=  789850 bytes= 49679597568
2026-02-03 22:27:44.038 INFO  nsync.master queue_backpressure depth=    10 threshold=    10
2026-02-03 22:27:44.663 INFO  nsync.master progress total=  8110 completed=  8098 failed=     0 pending=    12 queue=     8 producers=  0 files=  808950 bytes= 51698492416
2026-02-03 22:27:49.056 INFO  nsync.master queue_backpressure depth=    10 threshold=    10
2026-02-03 22:27:49.928 INFO  nsync.master progress total=  8261 completed=  8248 failed=     0 pending=    13 queue=    10 producers=  0 files=  823950 bytes= 53268222976
2026-02-03 22:27:54.071 INFO  nsync.master queue_backpressure depth=    10 threshold=    10
2026-02-03 22:27:54.946 INFO  nsync.master progress total=  8420 completed=  8408 failed=     0 pending=    12 queue=     8 producers=  0 files=  839950 bytes= 54938755072
2026-02-03 22:27:59.087 INFO  nsync.master queue_backpressure depth=    10 threshold=    10
2026-02-03 22:28:00.062 INFO  nsync.master progress total=  8584 completed=  8572 failed=     0 pending=    12 queue=     7 producers=  0 files=  856350 bytes= 56650928128
2026-02-03 22:28:02.498 INFO  nsync.master producer_done count=1
2026-02-03 22:28:04.103 INFO  nsync.master queue_backpressure depth=    10 threshold=    10
2026-02-03 22:28:05.079 INFO  nsync.master progress total=  8805 completed=  8790 failed=     0 pending=    15 queue=    10 producers=  1 files=  878079 bytes= 57236193280
2026-02-03 22:28:09.119 INFO  nsync.master queue_backpressure depth=    10 threshold=    10
2026-02-03 22:28:10.098 INFO  nsync.master progress total=  9054 completed=  9039 failed=     0 pending=    15 queue=    10 producers=  1 files=  902979 bytes= 57236193280
2026-02-03 22:28:13.835 INFO  nsync.master producer_done count=2
2026-02-03 22:28:13.835 INFO  nsync.master producer_done count=3
2026-02-03 22:28:13.835 INFO  nsync.master producer_done count=4
2026-02-03 22:28:13.835 INFO  nsync.master producer_done count=5
2026-02-03 22:28:24.663 INFO  nsync.master requeue expired_workers=1 requeued_batches=0
2026-02-03 22:31:08.500 INFO  nsync.master signal signum=2
2026-02-03 22:32:01.231 INFO  nsync.master scan_start src="/home/mason/workspace/test/src2" scan_depth=3
2026-02-03 22:32:04.283 INFO  nsync.master scan_complete files=500675
2026-02-03 22:32:04.330 INFO  nsync.master master_started src="/home/mason/workspace/test/src2" dst="/home/mason/workspace/test/dst" num_master_processes=5 queue_threshold=10
2026-02-03 22:32:04.486 INFO  nsync.master queue_backpressure depth=    10 threshold=    10
2026-02-03 22:32:04.620 INFO  nsync.master producers_started count=5
2026-02-03 22:32:08.674 INFO  nsync.master progress total=    13 completed=     1 failed=     0 pending=    12 queue=    10 producers=  0 files=      10 bytes=   104857600
2026-02-03 22:32:09.531 INFO  nsync.master queue_backpressure depth=    10 threshold=    10
2026-02-03 22:32:13.694 INFO  nsync.master progress total=    55 completed=    42 failed=     0 pending=    13 queue=    10 producers=  0 files=  179740 bytes=  3143617536
2026-02-03 22:32:14.546 INFO  nsync.master queue_backpressure depth=    10 threshold=    10
2026-02-03 22:32:18.708 INFO  nsync.master progress total=   103 completed=    89 failed=     0 pending=    14 queue=    10 producers=  0 files=  217391 bytes=  8067748864
2026-02-03 22:32:19.560 INFO  nsync.master queue_backpressure depth=    10 threshold=    10
2026-02-03 22:32:23.727 INFO  nsync.master progress total=   141 completed=   128 failed=     0 pending=    13 queue=    10 producers=  0 files=  338243 bytes= 11420839936
2026-02-03 22:32:24.580 INFO  nsync.master queue_backpressure depth=    10 threshold=    10
2026-02-03 22:32:28.742 INFO  nsync.master progress total=   178 completed=   164 failed=     0 pending=    14 queue=    10 producers=  0 files=  496644 bytes= 14040424448
2026-02-03 22:32:29.594 INFO  nsync.master queue_backpressure depth=    10 threshold=    10
2026-02-03 22:32:33.957 INFO  nsync.master progress total=   224 completed=   211 failed=     0 pending=    13 queue=    10 producers=  0 files=  534455 bytes= 18965567488
2026-02-03 22:32:34.608 INFO  nsync.master queue_backpressure depth=    10 threshold=    10
2026-02-03 22:32:39.571 INFO  nsync.master progress total=   267 completed=   252 failed=     0 pending=    15 queue=    10 producers=  0 files=  571312 bytes= 23261449216
2026-02-03 22:32:39.621 INFO  nsync.master queue_backpressure depth=    10 threshold=    10
2026-02-03 22:32:44.633 INFO  nsync.master queue_backpressure depth=    10 threshold=    10
2026-02-03 22:32:44.885 INFO  nsync.master progress total=   301 completed=   288 failed=     0 pending=    13 queue=    10 producers=  0 files=  600287 bytes= 27033248768
2026-02-03 22:32:49.645 INFO  nsync.master queue_backpressure depth=    10 threshold=    10
2026-02-03 22:32:50.048 INFO  nsync.master progress total=   336 completed=   323 failed=     0 pending=    13 queue=    10 producers=  0 files=  632378 bytes= 30700442624
2026-02-03 22:32:54.657 INFO  nsync.master queue_backpressure depth=    10 threshold=    10
2026-02-03 22:32:56.312 INFO  nsync.master progress total=   367 completed=   353 failed=     0 pending=    14 queue=    10 producers=  0 files=  656367 bytes= 33843580928
2026-02-03 22:32:59.670 INFO  nsync.master queue_backpressure depth=    10 threshold=    10
2026-02-03 22:33:00.121 INFO  nsync.master producer_done count=1
2026-02-03 22:33:01.425 INFO  nsync.master progress total=   404 completed=   391 failed=     0 pending=    13 queue=    10 producers=  1 files=  700816 bytes= 37653747712
2026-02-03 22:33:04.681 INFO  nsync.master queue_backpressure depth=    10 threshold=    10
2026-02-03 22:33:06.736 INFO  nsync.master producer_done count=2
2026-02-03 22:33:06.737 INFO  nsync.master progress total=   435 completed=   420 failed=     0 pending=    15 queue=    10 producers=  2 files=  724089 bytes= 40691775488
2026-02-03 22:33:09.692 INFO  nsync.master queue_backpressure depth=    10 threshold=    10
2026-02-03 22:33:11.949 INFO  nsync.master progress total=   461 completed=   447 failed=     0 pending=    14 queue=    10 producers=  2 files=  759224 bytes= 43322750976
2026-02-03 22:33:14.704 INFO  nsync.master queue_backpressure depth=    10 threshold=    10
2026-02-03 22:33:17.061 INFO  nsync.master progress total=   488 completed=   476 failed=     0 pending=    12 queue=    10 producers=  2 files=  794449 bytes= 46361141248
2026-02-03 22:33:19.715 INFO  nsync.master queue_backpressure depth=    10 threshold=    10
2026-02-03 22:33:22.073 INFO  nsync.master progress total=   521 completed=   506 failed=     0 pending=    15 queue=    10 producers=  2 files=  818518 bytes= 49504072704
2026-02-03 22:33:24.727 INFO  nsync.master queue_backpressure depth=    10 threshold=    10
2026-02-03 22:33:28.037 INFO  nsync.master progress total=   553 completed=   541 failed=     0 pending=    12 queue=    10 producers=  2 files=  846691 bytes= 53170796544
2026-02-03 22:33:29.738 INFO  nsync.master queue_backpressure depth=    10 threshold=    10
2026-02-03 22:33:33.196 INFO  nsync.master producer_done count=3
2026-02-03 22:33:33.196 INFO  nsync.master producer_done count=4
2026-02-03 22:33:33.196 INFO  nsync.master producer_done count=5
2026-02-03 22:33:33.199 INFO  nsync.master progress total=   585 completed=   571 failed=     0 pending=    14 queue=     9 producers=  5 files=  870687 bytes= 56313807872
2026-02-03 22:33:48.830 INFO  nsync.master requeue expired_workers=1 requeued_batches=0
2026-02-03 22:41:38.283 INFO  nsync.master signal signum=2
2026-02-03 22:42:29.771 INFO  nsync.master scan_start src="/home/mason/workspace/test/src2" scan_depth=3
2026-02-03 22:42:32.555 INFO  nsync.master scan_complete files=500675
2026-02-03 22:42:32.602 INFO  nsync.master master_started src="/home/mason/workspace/test/src2" dst="/home/mason/workspace/test/dst" num_master_processes=5 queue_threshold=10
2026-02-03 22:42:32.760 INFO  nsync.master queue_backpressure depth=    10 threshold=    10
2026-02-03 22:42:32.887 INFO  nsync.master producers_started count=5
2026-02-03 22:42:35.289 INFO  nsync.master progress total=    14 completed=     1 failed=     0 pending=    13 queue=    10 producers=  0 files=      10 bytes=   104857600
2026-02-03 22:42:37.799 INFO  nsync.master queue_backpressure depth=    10 threshold=    10
2026-02-03 22:42:40.355 INFO  nsync.master progress total=    62 completed=    47 failed=     0 pending=    15 queue=    10 producers=  0 files=  183759 bytes=  3667463168
2026-02-03 22:42:42.811 INFO  nsync.master queue_backpressure depth=    10 threshold=    10
2026-02-03 22:42:45.368 INFO  nsync.master progress total=   103 completed=    90 failed=     0 pending=    13 queue=    10 producers=  0 files=  218212 bytes=  8172538880
2026-02-03 22:42:47.827 INFO  nsync.master queue_backpressure depth=    10 threshold=    10
2026-02-03 22:42:50.389 INFO  nsync.master progress total=   151 completed=   138 failed=     0 pending=    13 queue=    10 producers=  0 files=  401475 bytes= 11839817728
2026-02-03 22:42:52.846 INFO  nsync.master queue_backpressure depth=    10 threshold=    10
2026-02-03 22:42:55.403 INFO  nsync.master progress total=   195 completed=   182 failed=     0 pending=    13 queue=    10 producers=  0 files=  511198 bytes= 15926533120
2026-02-03 22:42:57.859 INFO  nsync.master queue_backpressure depth=    10 threshold=    10
2026-02-03 22:43:00.416 INFO  nsync.master progress total=   236 completed=   224 failed=     0 pending=    12 queue=    10 producers=  0 files=  548927 bytes= 20327583744
2026-02-03 22:43:02.872 INFO  nsync.master queue_backpressure depth=    10 threshold=    10
2026-02-03 22:43:05.531 INFO  nsync.master progress total=   287 completed=   273 failed=     0 pending=    14 queue=    10 producers=  0 files=  588231 bytes= 25461593088
2026-02-03 22:43:07.889 INFO  nsync.master queue_backpressure depth=    10 threshold=    10
2026-02-03 22:43:10.547 INFO  nsync.master progress total=   350 completed=   337 failed=     0 pending=    13 queue=    10 producers=  0 files=  643629 bytes= 32167236608
2026-02-03 22:43:12.905 INFO  nsync.master queue_backpressure depth=    10 threshold=    10
2026-02-03 22:43:14.108 INFO  nsync.master producer_done count=1
2026-02-03 22:43:15.562 INFO  nsync.master progress total=   414 completed=   402 failed=     0 pending=    12 queue=     9 producers=  1 files=  709643 bytes= 38806203392
2026-02-03 22:43:17.218 INFO  nsync.master producer_done count=2
2026-02-03 22:43:17.920 INFO  nsync.master queue_backpressure depth=    10 threshold=    10
2026-02-03 22:43:20.675 INFO  nsync.master progress total=   475 completed=   463 failed=     0 pending=    12 queue=    10 producers=  2 files=  784006 bytes= 44999031808
2026-02-03 22:43:22.934 INFO  nsync.master queue_backpressure depth=    10 threshold=    10
2026-02-03 22:43:25.890 INFO  nsync.master progress total=   539 completed=   527 failed=     0 pending=    12 queue=     7 producers=  2 files=  835419 bytes= 51704213504
2026-02-03 22:43:27.948 INFO  nsync.master queue_backpressure depth=    10 threshold=    10
2026-02-03 22:43:29.453 INFO  nsync.master producer_done count=3
2026-02-03 22:43:29.453 INFO  nsync.master producer_done count=4
2026-02-03 22:43:29.453 INFO  nsync.master producer_done count=5
2026-02-03 22:43:37.313 INFO  nsync.master signal signum=2
2026-02-03 22:43:43.407 INFO  nsync.master scan_start src="/home/mason/workspace/test/src2" scan_depth=3
2026-02-03 22:43:46.236 INFO  nsync.master scan_complete files=500675
2026-02-03 22:43:46.283 INFO  nsync.master master_started src="/home/mason/workspace/test/src2" dst="/home/mason/workspace/test/dst" num_master_processes=5 queue_threshold=10
2026-02-03 22:43:46.437 INFO  nsync.master queue_backpressure depth=    10 threshold=    10
2026-02-03 22:43:46.562 INFO  nsync.master producers_started count=5
2026-02-03 22:43:51.466 INFO  nsync.master queue_backpressure depth=    10 threshold=    10
2026-02-03 22:43:56.474 INFO  nsync.master queue_backpressure depth=    10 threshold=    10
2026-02-03 22:44:01.482 INFO  nsync.master queue_backpressure depth=    10 threshold=    10
2026-02-03 22:44:05.443 INFO  nsync.master progress total=    14 completed=     1 failed=     0 pending=    13 queue=    10 producers=  0 files=      10 bytes=   104857600
2026-02-03 22:44:06.496 INFO  nsync.master queue_backpressure depth=    10 threshold=    10
2026-02-03 22:44:10.456 INFO  nsync.master progress total=    60 completed=    47 failed=     0 pending=    13 queue=    10 producers=  0 files=  183759 bytes=  3667463168
2026-02-03 22:44:11.509 INFO  nsync.master queue_backpressure depth=    10 threshold=    10
2026-02-03 22:44:15.518 INFO  nsync.master progress total=   102 completed=    90 failed=     0 pending=    12 queue=     8 producers=  0 files=  218212 bytes=  8172538880
2026-02-03 22:44:16.521 INFO  nsync.master queue_backpressure depth=    10 threshold=    10
2026-02-03 22:44:20.539 INFO  nsync.master progress total=   151 completed=   138 failed=     0 pending=    13 queue=    10 producers=  0 files=  401475 bytes= 11839817728
2026-02-03 22:44:21.542 INFO  nsync.master queue_backpressure depth=    10 threshold=    10
2026-02-03 22:44:25.603 INFO  nsync.master progress total=   194 completed=   181 failed=     0 pending=    13 queue=    10 producers=  0 files=  510394 bytes= 15821776896
2026-02-03 22:44:26.555 INFO  nsync.master queue_backpressure depth=    10 threshold=    10
2026-02-03 22:44:30.666 INFO  nsync.master progress total=   237 completed=   224 failed=     0 pending=    13 queue=    10 producers=  0 files=  548927 bytes= 20327583744
2026-02-03 22:44:31.568 INFO  nsync.master queue_backpressure depth=    10 threshold=    10
2026-02-03 22:44:35.729 INFO  nsync.master progress total=   285 completed=   273 failed=     0 pending=    12 queue=    10 producers=  0 files=  588231 bytes= 25461593088
2026-02-03 22:44:36.582 INFO  nsync.master queue_backpressure depth=    10 threshold=    10
2026-02-03 22:44:40.743 INFO  nsync.master progress total=   348 completed=   336 failed=     0 pending=    12 queue=     9 producers=  0 files=  642822 bytes= 32062509056
2026-02-03 22:44:41.596 INFO  nsync.master queue_backpressure depth=    10 threshold=    10
2026-02-03 22:44:44.505 INFO  nsync.master producer_done count=1
2026-02-03 22:44:45.858 INFO  nsync.master progress total=   412 completed=   400 failed=     0 pending=    12 queue=     8 producers=  1 files=  708072 bytes= 38596655104
2026-02-03 22:44:46.610 INFO  nsync.master queue_backpressure depth=    10 threshold=    10
2026-02-03 22:44:47.663 INFO  nsync.master producer_done count=2
2026-02-03 22:44:50.872 INFO  nsync.master progress total=   472 completed=   460 failed=     0 pending=    12 queue=     9 producers=  2 files=  781594 bytes= 44684584960
2026-02-03 22:44:51.624 INFO  nsync.master queue_backpressure depth=    10 threshold=    10
2026-02-03 22:44:56.037 INFO  nsync.master progress total=   537 completed=   524 failed=     0 pending=    13 queue=    10 producers=  2 files=  832981 bytes= 51389828096
2026-02-03 22:44:56.639 INFO  nsync.master queue_backpressure depth=    10 threshold=    10
2026-02-03 22:44:59.800 INFO  nsync.master producer_done count=3
2026-02-03 22:44:59.801 INFO  nsync.master producer_done count=4
2026-02-03 22:44:59.801 INFO  nsync.master producer_done count=5
2026-02-03 22:45:15.783 INFO  nsync.master requeue expired_workers=1 requeued_batches=0
2026-02-03 22:48:46.685 INFO  nsync.master signal signum=2
2026-02-03 22:48:51.547 INFO  nsync.master scan_start src="/home/mason/workspace/test/src2" scan_depth=3
2026-02-03 22:48:54.359 INFO  nsync.master scan_complete files=500675
2026-02-03 22:48:54.406 INFO  nsync.master master_started src="/home/mason/workspace/test/src2" dst="/home/mason/workspace/test/dst" num_master_processes=5 queue_threshold=10
2026-02-03 22:48:54.560 INFO  nsync.master queue_backpressure depth=    10 threshold=    10
2026-02-03 22:48:54.683 INFO  nsync.master producers_started count=5
2026-02-03 22:48:57.804 INFO  nsync.master signal signum=2
2026-02-03 22:49:02.759 INFO  nsync.master scan_start src="/home/mason/workspace/test/src2" scan_depth=3
2026-02-03 22:49:05.560 INFO  nsync.master scan_complete files=500675
2026-02-03 22:49:05.605 INFO  nsync.master master_started src="/home/mason/workspace/test/src2" dst="/home/mason/workspace/test/dst" num_master_processes=5 queue_threshold=10
2026-02-03 22:49:05.790 INFO  nsync.master queue_backpressure depth=    10 threshold=    10
2026-02-03 22:49:05.868 INFO  nsync.master progress total=    13 completed=     1 failed=     0 pending=    12 queue=     9 producers=  0 files=      10 bytes=   104857600
2026-02-03 22:49:05.956 INFO  nsync.master producers_started count=5
2026-02-03 22:49:10.835 INFO  nsync.master queue_backpressure depth=    10 threshold=    10
2026-02-03 22:49:10.868 INFO  nsync.master progress total=    59 completed=    46 failed=     0 pending=    13 queue=    10 producers=  0 files=  182956 bytes=  3562700800
2026-02-03 22:49:15.848 INFO  nsync.master queue_backpressure depth=    10 threshold=    10
2026-02-03 22:49:15.878 INFO  nsync.master progress total=   100 completed=    88 failed=     0 pending=    12 queue=     9 producers=  0 files=  216577 bytes=  7962970112
2026-02-03 22:49:20.868 INFO  nsync.master queue_backpressure depth=    10 threshold=    10
2026-02-03 22:49:20.891 INFO  nsync.master progress total=   146 completed=   134 failed=     0 pending=    12 queue=     9 producers=  0 files=  379881 bytes= 11630417920
2026-02-03 22:49:25.883 INFO  nsync.master queue_backpressure depth=    10 threshold=    10
2026-02-03 22:49:26.006 INFO  nsync.master progress total=   191 completed=   179 failed=     0 pending=    12 queue=     9 producers=  0 files=  508744 bytes= 15612176384
2026-02-03 22:49:30.897 INFO  nsync.master queue_backpressure depth=    10 threshold=    10
2026-02-03 22:49:31.069 INFO  nsync.master progress total=   234 completed=   221 failed=     0 pending=    13 queue=     9 producers=  0 files=  542472 bytes= 20013185024
2026-02-03 22:49:35.910 INFO  nsync.master queue_backpressure depth=    10 threshold=    10
2026-02-03 22:49:36.133 INFO  nsync.master progress total=   282 completed=   269 failed=     0 pending=    13 queue=    10 producers=  0 files=  584997 bytes= 25042793472
2026-02-03 22:49:40.927 INFO  nsync.master queue_backpressure depth=    10 threshold=    10
2026-02-03 22:49:41.199 INFO  nsync.master progress total=   345 completed=   332 failed=     0 pending=    13 queue=     9 producers=  0 files=  639609 bytes= 31643345920
2026-02-03 22:49:45.242 INFO  nsync.master producer_done count=1
2026-02-03 22:49:45.945 INFO  nsync.master queue_backpressure depth=    10 threshold=    10
2026-02-03 22:49:46.268 INFO  nsync.master progress total=   409 completed=   397 failed=     0 pending=    12 queue=     9 producers=  1 files=  705659 bytes= 38282272768
2026-02-03 22:49:48.303 INFO  nsync.master producer_done count=2
2026-02-03 22:49:50.961 INFO  nsync.master queue_backpressure depth=    10 threshold=    10
2026-02-03 22:49:51.285 INFO  nsync.master progress total=   470 completed=   457 failed=     0 pending=    13 queue=     9 producers=  2 files=  779167 bytes= 44370335744
2026-02-03 22:49:55.978 INFO  nsync.master queue_backpressure depth=    10 threshold=    10
2026-02-03 22:49:56.401 INFO  nsync.master progress total=   533 completed=   521 failed=     0 pending=    12 queue=     9 producers=  2 files=  830563 bytes= 51075399680
2026-02-03 22:50:00.644 INFO  nsync.master producer_done count=3
2026-02-03 22:50:00.645 INFO  nsync.master producer_done count=4
2026-02-03 22:50:00.645 INFO  nsync.master producer_done count=5
2026-02-03 22:50:01.416 INFO  nsync.master progress total=   585 completed=   583 failed=     0 pending=     2 queue=     0 producers=  5 files=  912160 bytes= 57236193280
2026-02-03 22:50:13.600 INFO  nsync.master requeue expired_workers=1 requeued_batches=0
2026-02-03 22:52:21.841 INFO  nsync.master signal signum=2
2026-02-03 22:52:46.284 INFO  nsync.master scan_start src="/home/mason/workspace/test/src2" scan_depth=3
2026-02-03 22:52:49.079 INFO  nsync.master scan_complete files=500675
2026-02-03 22:52:49.123 INFO  nsync.master master_started src="/home/mason/workspace/test/src2" dst="/home/mason/workspace/test/dst" num_master_processes=5 queue_threshold=10
2026-02-03 22:52:49.272 INFO  nsync.master queue_backpressure depth=    10 threshold=    10
2026-02-03 22:52:49.409 INFO  nsync.master producers_started count=5
2026-02-03 22:52:51.860 INFO  nsync.master progress total=    13 completed=     1 failed=     0 pending=    12 queue=     9 producers=  0 files=      10 bytes=   104857600
2026-02-03 22:52:54.301 INFO  nsync.master queue_backpressure depth=    10 threshold=    10
2026-02-03 22:52:56.974 INFO  nsync.master progress total=    56 completed=    43 failed=     0 pending=    13 queue=    10 producers=  0 files=  180531 bytes=  3248332800
2026-02-03 22:52:59.315 INFO  nsync.master queue_backpressure depth=    10 threshold=    10
2026-02-03 22:53:01.985 INFO  nsync.master progress total=    95 completed=    81 failed=     0 pending=    14 queue=    10 producers=  0 files=  210968 bytes=  7229591552
2026-02-03 22:53:04.326 INFO  nsync.master queue_backpressure depth=    10 threshold=    10
2026-02-03 22:53:07.245 INFO  nsync.master progress total=   126 completed=   113 failed=     0 pending=    13 queue=    10 producers=  0 files=  243421 bytes= 10582370304
2026-02-03 22:53:09.343 INFO  nsync.master queue_backpressure depth=    10 threshold=    10
2026-02-03 22:53:12.406 INFO  nsync.master progress total=   151 completed=   139 failed=     0 pending=    12 queue=    10 producers=  0 files=  420682 bytes= 11735183360
2026-02-03 22:53:14.357 INFO  nsync.master queue_backpressure depth=    10 threshold=    10
2026-02-03 22:53:18.168 INFO  nsync.master progress total=   182 completed=   170 failed=     0 pending=    12 queue=    10 producers=  0 files=  501469 bytes= 14669216768
2026-02-03 22:53:19.368 INFO  nsync.master queue_backpressure depth=    10 threshold=    10
2026-02-03 22:53:23.178 INFO  nsync.master progress total=   218 completed=   205 failed=     0 pending=    13 queue=    10 producers=  0 files=  529645 bytes= 18336788480
2026-02-03 22:53:24.381 INFO  nsync.master queue_backpressure depth=    10 threshold=    10
2026-02-03 22:53:28.589 INFO  nsync.master progress total=   251 completed=   239 failed=     0 pending=    12 queue=     8 producers=  0 files=  560916 bytes= 21899167744
2026-02-03 22:53:29.391 INFO  nsync.master queue_backpressure depth=    10 threshold=    10
2026-02-03 22:53:33.603 INFO  nsync.master progress total=   296 completed=   284 failed=     0 pending=    12 queue=     9 producers=  0 files=  597051 bytes= 26614134784
2026-02-03 22:53:34.406 INFO  nsync.master queue_backpressure depth=    10 threshold=    10
2026-02-03 22:53:38.668 INFO  nsync.master progress total=   364 completed=   352 failed=     0 pending=    12 queue=     8 producers=  0 files=  655552 bytes= 33738871808
2026-02-03 22:53:39.423 INFO  nsync.master queue_backpressure depth=    10 threshold=    10
2026-02-03 22:53:43.680 INFO  nsync.master progress total=   393 completed=   381 failed=     0 pending=    12 queue=     9 producers=  0 files=  679041 bytes= 36776776704
2026-02-03 22:53:43.882 INFO  nsync.master producer_done count=1
2026-02-03 22:53:44.433 INFO  nsync.master queue_backpressure depth=    10 threshold=    10
2026-02-03 22:53:48.892 INFO  nsync.master progress total=   430 completed=   418 failed=     0 pending=    12 queue=     9 producers=  1 files=  722440 bytes= 40482529280
2026-02-03 22:53:49.394 INFO  nsync.master producer_done count=2
2026-02-03 22:53:49.445 INFO  nsync.master queue_backpressure depth=    10 threshold=    10
2026-02-03 22:53:54.054 INFO  nsync.master progress total=   463 completed=   451 failed=     0 pending=    12 queue=     9 producers=  2 files=  766367 bytes= 43741706240
2026-02-03 22:53:54.455 INFO  nsync.master queue_backpressure depth=    10 threshold=    10
2026-02-03 22:53:59.115 INFO  nsync.master progress total=   496 completed=   484 failed=     0 pending=    12 queue=    10 producers=  2 files=  800857 bytes= 47199147008
2026-02-03 22:53:59.466 INFO  nsync.master queue_backpressure depth=    10 threshold=    10
2026-02-03 22:54:04.377 INFO  nsync.master progress total=   535 completed=   522 failed=     0 pending=    13 queue=    10 producers=  2 files=  831353 bytes= 51180229632
2026-02-03 22:54:04.477 INFO  nsync.master queue_backpressure depth=    10 threshold=    10
2026-02-03 22:54:09.488 INFO  nsync.master queue_backpressure depth=    10 threshold=    10
2026-02-03 22:54:09.538 INFO  nsync.master progress total=   569 completed=   556 failed=     0 pending=    13 queue=    10 producers=  2 files=  858675 bytes= 54742493184
2026-02-03 22:54:12.045 INFO  nsync.master producer_done count=3
2026-02-03 22:54:12.045 INFO  nsync.master producer_done count=4
2026-02-03 22:54:12.045 INFO  nsync.master producer_done count=5
2026-02-03 22:54:27.124 INFO  nsync.master requeue expired_workers=1 requeued_batches=0
2026-02-03 22:54:34.326 INFO  nsync.master signal signum=2
2026-02-03 22:55:33.673 INFO  nsync.master scan_start src="/home/mason/workspace/test/src2" scan_depth=3
2026-02-03 22:55:36.493 INFO  nsync.master scan_complete files=500675
2026-02-03 22:55:36.539 INFO  nsync.master master_started src="/home/mason/workspace/test/src2" dst="/home/mason/workspace/test/dst" num_master_processes=5 queue_threshold=10
2026-02-03 22:55:36.693 INFO  nsync.master queue_backpressure depth=    10 threshold=    10
2026-02-03 22:55:36.841 INFO  nsync.master progress total=    14 completed=     1 failed=     0 pending=    13 queue=    10 producers=  0 files=      10 bytes=   104857600
2026-02-03 22:55:36.898 INFO  nsync.master producers_started count=5
2026-02-03 22:55:41.739 INFO  nsync.master queue_backpressure depth=    10 threshold=    10
2026-02-03 22:55:42.032 INFO  nsync.master progress total=    59 completed=    47 failed=     0 pending=    12 queue=    10 producers=  0 files=  183759 bytes=  3667463168
2026-02-03 22:55:46.751 INFO  nsync.master queue_backpressure depth=    10 threshold=    10
2026-02-03 22:55:47.095 INFO  nsync.master progress total=   102 completed=    90 failed=     0 pending=    12 queue=     8 producers=  0 files=  218212 bytes=  8172538880
2026-02-03 22:55:51.773 INFO  nsync.master queue_backpressure depth=    10 threshold=    10
2026-02-03 22:55:52.159 INFO  nsync.master progress total=   150 completed=   138 failed=     0 pending=    12 queue=     9 producers=  0 files=  410682 bytes= 11735183360
2026-02-03 22:55:56.787 INFO  nsync.master queue_backpressure depth=    10 threshold=    10
2026-02-03 22:55:57.323 INFO  nsync.master progress total=   195 completed=   183 failed=     0 pending=    12 queue=    10 producers=  0 files=  512003 bytes= 16031418368
2026-02-03 22:56:01.800 INFO  nsync.master queue_backpressure depth=    10 threshold=    10
2026-02-03 22:56:02.336 INFO  nsync.master progress total=   238 completed=   225 failed=     0 pending=    13 queue=    10 producers=  0 files=  549728 bytes= 20432425984
2026-02-03 22:56:06.813 INFO  nsync.master queue_backpressure depth=    10 threshold=    10
2026-02-03 22:56:07.400 INFO  nsync.master progress total=   281 completed=   269 failed=     0 pending=    12 queue=     9 producers=  0 files=  585012 bytes= 25042666496
2026-02-03 22:56:11.830 INFO  nsync.master queue_backpressure depth=    10 threshold=    10
2026-02-03 22:56:12.465 INFO  nsync.master progress total=   346 completed=   334 failed=     0 pending=    12 queue=     9 producers=  0 files=  641189 bytes= 31853030400
2026-02-03 22:56:16.796 INFO  nsync.master producer_done count=1
2026-02-03 22:56:16.846 INFO  nsync.master queue_backpressure depth=    10 threshold=    10
2026-02-03 22:56:17.528 INFO  nsync.master progress total=   408 completed=   394 failed=     0 pending=    14 queue=    10 producers=  1 files=  698765 bytes= 38072715264
2026-02-03 22:56:20.807 INFO  nsync.master producer_done count=2
2026-02-03 22:56:21.861 INFO  nsync.master queue_backpressure depth=    10 threshold=    10
2026-02-03 22:56:22.589 INFO  nsync.master progress total=   451 completed=   438 failed=     0 pending=    13 queue=    10 producers=  2 files=  752064 bytes= 42380034048
2026-02-03 22:56:26.875 INFO  nsync.master queue_backpressure depth=    10 threshold=    10
2026-02-03 22:56:27.701 INFO  nsync.master progress total=   496 completed=   483 failed=     0 pending=    13 queue=    10 producers=  2 files=  800048 bytes= 47094377472
2026-02-03 22:56:31.890 INFO  nsync.master queue_backpressure depth=    10 threshold=    10
2026-02-03 22:56:32.713 INFO  nsync.master progress total=   547 completed=   535 failed=     0 pending=    12 queue=     9 producers=  2 files=  841840 bytes= 52542235648
2026-02-03 22:56:36.905 INFO  nsync.master queue_backpressure depth=    10 threshold=    10
2026-02-03 22:56:37.156 INFO  nsync.master producer_done count=3
2026-02-03 22:56:37.156 INFO  nsync.master producer_done count=4
2026-02-03 22:56:37.156 INFO  nsync.master producer_done count=5
2026-02-03 22:56:37.874 INFO  nsync.master progress total=   585 completed=   578 failed=     0 pending=     7 queue=     3 producers=  5 files=  876326 bytes= 57046898688
2026-02-03 22:56:50.036 INFO  nsync.master requeue expired_workers=1 requeued_batches=0
2026-02-03 22:56:58.054 INFO  nsync.master signal signum=2
2026-02-03 22:58:36.906 INFO  nsync.master scan_start src="/home/mason/workspace/test/src2" scan_depth=3
2026-02-03 22:58:58.690 INFO  nsync.master scan_start src="/home/mason/workspace/test/src2" scan_depth=3
2026-02-03 22:59:01.465 INFO  nsync.master scan_complete files=500675
2026-02-03 22:59:01.510 INFO  nsync.master master_started src="/home/mason/workspace/test/src2" dst="/home/mason/workspace/test/dst" num_master_processes=5 queue_threshold=10
2026-02-03 22:59:01.774 INFO  nsync.master producers_started count=5
2026-02-03 22:59:01.976 INFO  nsync.master queue_backpressure depth=    10 threshold=    10
2026-02-03 22:59:06.983 INFO  nsync.master queue_backpressure depth=    10 threshold=    10
2026-02-03 22:59:09.687 INFO  nsync.master progress total=    13 completed=     1 failed=     0 pending=    12 queue=     7 producers=  0 files=      10 bytes=   104857600
2026-02-03 22:59:12.006 INFO  nsync.master queue_backpressure depth=    10 threshold=    10
2026-02-03 22:59:14.806 INFO  nsync.master progress total=    51 completed=    39 failed=     0 pending=    12 queue=     9 producers=  0 files=  239291 bytes=  2411070464
2026-02-03 22:59:17.032 INFO  nsync.master queue_backpressure depth=    10 threshold=    10
2026-02-03 22:59:19.822 INFO  nsync.master progress total=    89 completed=    77 failed=     0 pending=    12 queue=     9 producers=  0 files=  426856 bytes=  4926115840
2026-02-03 22:59:25.735 INFO  nsync.master progress total=   109 completed=   106 failed=     0 pending=     3 queue=     0 producers=  0 files=  450202 bytes=  7965125632
2026-02-03 22:59:30.946 INFO  nsync.master progress total=   124 completed=   121 failed=     0 pending=     3 queue=     0 producers=  0 files=  462210 bytes=  9536461824
2026-02-03 22:59:36.207 INFO  nsync.master progress total=   138 completed=   136 failed=     0 pending=     2 queue=     0 producers=  0 files=  474226 bytes= 11107941376
2026-02-03 22:59:41.217 INFO  nsync.master progress total=   153 completed=   151 failed=     0 pending=     2 queue=     0 producers=  0 files=  486326 bytes= 12679864320
2026-02-03 22:59:46.227 INFO  nsync.master progress total=   166 completed=   165 failed=     0 pending=     1 queue=     0 producers=  0 files=  497500 bytes= 14146638848
2026-02-03 22:59:51.338 INFO  nsync.master progress total=   181 completed=   180 failed=     0 pending=     1 queue=     0 producers=  0 files=  509548 bytes= 15717941248
2026-02-03 22:59:56.449 INFO  nsync.master progress total=   195 completed=   195 failed=     0 pending=     0 queue=     0 producers=  0 files=  521645 bytes= 17289698304
2026-02-03 23:00:01.610 INFO  nsync.master progress total=   210 completed=   210 failed=     0 pending=     0 queue=     0 producers=  0 files=  533614 bytes= 18860822528
2026-02-03 23:00:06.820 INFO  nsync.master progress total=   225 completed=   225 failed=     0 pending=     0 queue=     0 producers=  0 files=  545714 bytes= 20432730112
2026-02-03 23:00:11.930 INFO  nsync.master progress total=   240 completed=   240 failed=     0 pending=     0 queue=     0 producers=  0 files=  557696 bytes= 22004334592
2026-02-03 23:00:16.990 INFO  nsync.master progress total=   255 completed=   255 failed=     0 pending=     0 queue=     0 producers=  0 files=  569780 bytes= 23576105984
2026-02-03 23:00:22.351 INFO  nsync.master progress total=   270 completed=   270 failed=     0 pending=     0 queue=     0 producers=  0 files=  581868 bytes= 25147602944
2026-02-03 23:00:27.512 INFO  nsync.master progress total=   285 completed=   285 failed=     0 pending=     0 queue=     0 producers=  0 files=  593925 bytes= 26719191040
2026-02-03 23:00:32.772 INFO  nsync.master progress total=   300 completed=   300 failed=     0 pending=     0 queue=     0 producers=  0 files=  605973 bytes= 28290874368
2026-02-03 23:00:38.083 INFO  nsync.master progress total=   315 completed=   315 failed=     0 pending=     0 queue=     0 producers=  0 files=  618005 bytes= 29862163456
2026-02-03 23:00:43.295 INFO  nsync.master progress total=   330 completed=   330 failed=     0 pending=     0 queue=     0 producers=  0 files=  630142 bytes= 31433548800
2026-02-03 23:00:48.455 INFO  nsync.master progress total=   345 completed=   345 failed=     0 pending=     0 queue=     0 producers=  0 files=  642222 bytes= 33005129728
2026-02-03 23:00:53.566 INFO  nsync.master progress total=   360 completed=   360 failed=     0 pending=     0 queue=     0 producers=  0 files=  654156 bytes= 34576500736
2026-02-03 23:00:58.626 INFO  nsync.master progress total=   373 completed=   373 failed=     0 pending=     0 queue=     0 producers=  0 files=  680547 bytes= 35938424832
2026-02-03 23:01:03.637 INFO  nsync.master progress total=   395 completed=   392 failed=     0 pending=     3 queue=     0 producers=  0 files=  695889 bytes= 37929375744
2026-02-03 23:01:08.949 INFO  nsync.master progress total=   416 completed=   415 failed=     0 pending=     1 queue=     0 producers=  0 files=  714271 bytes= 40339039232
2026-02-03 23:01:14.132 INFO  nsync.master signal signum=2
2026-02-03 23:08:22.847 INFO  nsync.master scan_start src="/home/mason/workspace/test/src2" scan_depth=3
2026-02-03 23:08:25.622 INFO  nsync.master scan_complete files=500675
2026-02-03 23:08:25.670 INFO  nsync.master master_started src="/home/mason/workspace/test/src2" dst="/home/mason/workspace/test/dst" num_master_processes=5 queue_threshold=10
2026-02-03 23:08:25.830 INFO  nsync.master queue_backpressure depth=    10 threshold=    10
2026-02-03 23:08:25.966 INFO  nsync.master producers_started count=5
2026-02-03 23:08:30.844 INFO  nsync.master queue_backpressure depth=    10 threshold=    10
2026-02-03 23:08:35.851 INFO  nsync.master queue_backpressure depth=    10 threshold=    10
2026-02-03 23:08:40.860 INFO  nsync.master queue_backpressure depth=    10 threshold=    10
2026-02-03 23:08:45.868 INFO  nsync.master queue_backpressure depth=    10 threshold=    10
2026-02-03 23:08:50.877 INFO  nsync.master queue_backpressure depth=    10 threshold=    10
2026-02-03 23:08:55.885 INFO  nsync.master queue_backpressure depth=    10 threshold=    10
2026-02-03 23:09:00.892 INFO  nsync.master queue_backpressure depth=    10 threshold=    10
2026-02-03 23:09:05.899 INFO  nsync.master queue_backpressure depth=    10 threshold=    10
2026-02-03 23:09:10.907 INFO  nsync.master queue_backpressure depth=    10 threshold=    10
2026-02-03 23:09:15.916 INFO  nsync.master queue_backpressure depth=    10 threshold=    10
2026-02-03 23:09:20.923 INFO  nsync.master queue_backpressure depth=    10 threshold=    10
2026-02-03 23:09:25.930 INFO  nsync.master queue_backpressure depth=    10 threshold=    10
2026-02-03 23:09:30.938 INFO  nsync.master queue_backpressure depth=    10 threshold=    10
2026-02-03 23:09:35.946 INFO  nsync.master queue_backpressure depth=    10 threshold=    10
2026-02-03 23:09:40.953 INFO  nsync.master queue_backpressure depth=    10 threshold=    10
2026-02-03 23:09:45.959 INFO  nsync.master queue_backpressure depth=    10 threshold=    10
2026-02-03 23:09:50.967 INFO  nsync.master queue_backpressure depth=    10 threshold=    10
2026-02-03 23:09:55.975 INFO  nsync.master queue_backpressure depth=    10 threshold=    10
2026-02-03 23:10:00.983 INFO  nsync.master queue_backpressure depth=    10 threshold=    10
2026-02-03 23:10:01.638 INFO  nsync.master progress total=    14 completed=     1 failed=     0 pending=    13 queue=    10 producers=  0 files=      10 bytes=   104857600
2026-02-03 23:10:05.999 INFO  nsync.master queue_backpressure depth=    10 threshold=    10
2026-02-03 23:10:06.702 INFO  nsync.master progress total=    55 completed=    42 failed=     0 pending=    13 queue=    10 producers=  0 files=  179740 bytes=  3143617536
2026-02-03 23:10:11.012 INFO  nsync.master queue_backpressure depth=    10 threshold=    10
2026-02-03 23:10:11.765 INFO  nsync.master progress total=    93 completed=    80 failed=     0 pending=    13 queue=    10 producers=  0 files=  210169 bytes=  7124742144
2026-02-03 23:10:16.026 INFO  nsync.master queue_backpressure depth=    10 threshold=    10
2026-02-03 23:10:16.779 INFO  nsync.master progress total=   123 completed=   111 failed=     0 pending=    12 queue=    10 producers=  0 files=  232623 bytes= 10372709376
2026-02-03 23:10:21.044 INFO  nsync.master queue_backpressure depth=    10 threshold=    10
2026-02-03 23:10:21.797 INFO  nsync.master progress total=   153 completed=   141 failed=     0 pending=    12 queue=    10 producers=  0 files=  422285 bytes= 11944559616
2026-02-03 23:10:26.057 INFO  nsync.master queue_backpressure depth=    10 threshold=    10
2026-02-03 23:10:27.109 INFO  nsync.master progress total=   191 completed=   176 failed=     0 pending=    15 queue=    10 producers=  0 files=  506329 bytes= 15297970176
2026-02-03 23:10:31.067 INFO  nsync.master queue_backpressure depth=    10 threshold=    10
2026-02-03 23:10:32.421 INFO  nsync.master progress total=   221 completed=   206 failed=     0 pending=    15 queue=    10 producers=  0 files=  530444 bytes= 18441598976
2026-02-03 23:10:36.078 INFO  nsync.master queue_backpressure depth=    10 threshold=    10
2026-02-03 23:10:37.582 INFO  nsync.master progress total=   254 completed=   239 failed=     0 pending=    15 queue=    10 producers=  0 files=  560916 bytes= 21899167744
2026-02-03 23:10:41.089 INFO  nsync.master queue_backpressure depth=    10 threshold=    10
2026-02-03 23:10:42.745 INFO  nsync.master progress total=   299 completed=   284 failed=     0 pending=    15 queue=    10 producers=  0 files=  597051 bytes= 26614134784
2026-02-03 23:10:46.107 INFO  nsync.master queue_backpressure depth=    10 threshold=    10
2026-02-03 23:10:47.764 INFO  nsync.master progress total=   354 completed=   342 failed=     0 pending=    12 queue=    10 producers=  0 files=  647596 bytes= 32691198976
2026-02-03 23:10:51.123 INFO  nsync.master queue_backpressure depth=    10 threshold=    10
2026-02-03 23:10:52.828 INFO  nsync.master progress total=   390 completed=   377 failed=     0 pending=    13 queue=    10 producers=  0 files=  675825 bytes= 36357714944
2026-02-03 23:10:54.681 INFO  nsync.master producer_done count=1
2026-02-03 23:10:56.136 INFO  nsync.master queue_backpressure depth=    10 threshold=    10
2026-02-03 23:10:57.990 INFO  nsync.master progress total=   421 completed=   408 failed=     0 pending=    13 queue=    10 producers=  1 files=  714433 bytes= 39434811392
2026-02-03 23:11:00.646 INFO  nsync.master producer_done count=2
2026-02-03 23:11:01.147 INFO  nsync.master queue_backpressure depth=    10 threshold=    10
2026-02-03 23:11:03.102 INFO  nsync.master progress total=   445 completed=   433 failed=     0 pending=    12 queue=    10 producers=  2 files=  748060 bytes= 41856184320
2026-02-03 23:11:06.157 INFO  nsync.master queue_backpressure depth=    10 threshold=    10
2026-02-03 23:11:08.262 INFO  nsync.master progress total=   463 completed=   451 failed=     0 pending=    12 queue=    10 producers=  2 files=  766367 bytes= 43741706240
2026-02-03 23:11:11.166 INFO  nsync.master queue_backpressure depth=    10 threshold=    10
2026-02-03 23:11:13.424 INFO  nsync.master progress total=   488 completed=   475 failed=     0 pending=    13 queue=    10 producers=  2 files=  793633 bytes= 46256411648
2026-02-03 23:11:16.179 INFO  nsync.master queue_backpressure depth=    10 threshold=    10
2026-02-03 23:11:18.534 INFO  nsync.master progress total=   513 completed=   499 failed=     0 pending=    14 queue=    10 producers=  2 files=  812905 bytes= 48771108864
2026-02-03 23:11:21.190 INFO  nsync.master queue_backpressure depth=    10 threshold=    10
2026-02-03 23:11:23.695 INFO  nsync.master progress total=   535 completed=   522 failed=     0 pending=    13 queue=    10 producers=  2 files=  831372 bytes= 51180179456
2026-02-03 23:11:26.200 INFO  nsync.master queue_backpressure depth=    10 threshold=    10
2026-02-03 23:11:28.706 INFO  nsync.master progress total=   553 completed=   540 failed=     0 pending=    13 queue=    10 producers=  2 files=  845935 bytes= 53066104832
2026-02-03 23:11:31.209 INFO  nsync.master queue_backpressure depth=    10 threshold=    10
2026-02-03 23:11:33.766 INFO  nsync.master progress total=   565 completed=   552 failed=     0 pending=    13 queue=    10 producers=  2 files=  855494 bytes= 54323450880
2026-02-03 23:11:36.218 INFO  nsync.master queue_backpressure depth=    10 threshold=    10
2026-02-03 23:11:38.826 INFO  nsync.master progress total=   576 completed=   563 failed=     0 pending=    13 queue=    10 producers=  2 files=  864299 bytes= 55475947520
2026-02-03 23:11:41.228 INFO  nsync.master queue_backpressure depth=    10 threshold=    10
2026-02-03 23:11:42.731 INFO  nsync.master producer_done count=3
2026-02-03 23:11:42.731 INFO  nsync.master producer_done count=4
2026-02-03 23:11:42.731 INFO  nsync.master producer_done count=5
2026-02-03 23:11:44.035 INFO  nsync.master progress total=   585 completed=   575 failed=     0 pending=    10 queue=     7 producers=  5 files=  873924 bytes= 56732557312
2026-02-03 23:12:01.688 INFO  nsync.master requeue expired_workers=1 requeued_batches=0
